<?xml version="1.0" encoding="UTF-8"?>
<!-- Generated by org.testng.reporters.JUnitXMLReporter -->
<testsuite ignored="0" hostname="DESKTOP-N2HG8IN" failures="0" tests="9" name="Default test" time="32.434" errors="0" timestamp="2025-10-14T16:32:04 IST">
  <testcase classname="com.client.BookShop_KK.Module.HomePageModule.HomepageTest" name="veifyCategoryNames" time="2.065"/>
  <testcase classname="com.client.BookShop_KK.Module.HomePageModule.HomepageTest" name="veifyCategorylink" time="1.217"/>
  <testcase classname="com.client.BookShop_KK.Module.HomePageModule.HomepageTest" name="veifyCategorylink" time="1.586"/>
  <testcase classname="com.client.BookShop_KK.Module.HomePageModule.HomepageTest" name="veifyCategorylink" time="1.12"/>
  <testcase classname="com.client.BookShop_KK.Module.HomePageModule.HomepageTest" name="veifyCategorylink" time="2.981"/>
  <testcase classname="com.client.BookShop_KK.Module.HomePageModule.HomepageTest" name="verifyBookbirdLogoDisplayed" time="0.082"/>
  <testcase classname="com.client.BookShop_KK.Module.HomePageModule.HomepageTest" name="verifyNavigationToHomePageViaLogo" time="2.215"/>
  <testcase classname="com.client.BookShop_KK.Module.HomePageModule.HomepageTest" name="verifySerarchBaarVisiblity" time="0.059"/>
  <testcase classname="com.client.BookShop_KK.Module.HomePageModule.HomepageTest" name="verifySerarchBaarWithValidBookName" time="0.761"/>
</testsuite> <!-- Default test -->
