<?xml version="1.0" encoding="UTF-8"?>
<!-- Generated by org.testng.reporters.JUnitXMLReporter -->
<testsuite ignored="16" hostname="DESKTOP-N2HG8IN" failures="6" tests="53" name="Test" time="158.658" errors="0" timestamp="2025-11-05T10:38:10 IST">
  <testcase classname="com.client.BookShop_KK.Module.ChildrenAndTeens.ChildrenAndTeensTest" name="integrationBetweenChildAndTeensLinkAndProductListingPage" time="1.718"/>
  <testcase classname="com.client.BookShop_KK.Module.HomePageModule.HomePage02Test" name="LoginButtonVerificationTest" time="5.01"/>
  <testcase classname="com.client.BookShop_KK.Module.HomePageModule.HomePage02Test" name="SignUpButtonVerificationTest" time="3.825"/>
  <testcase classname="com.client.BookShop_KK.Module.HomePageModule.HomepageTest" name="veifyCategoryNamesTest" time="6.566"/>
  <testcase classname="com.client.BookShop_KK.Module.RegionalBooks.RegionalBooksTest" name="integrationBetweenChildAndTeensLinkAndProductListingPage" time="6.272"/>
  <testcase classname="com.client.BookShop_KK.Module.ChildrenAndTeens.ChildrenAndTeensTest" name="selectBookAndAddToCartAndPlaceOrderTest" time="8.63">
    <failure type="java.lang.AssertionError" message="The following asserts failed:
	expected [365 Bedtime Stories] but found [Human Resource Management : Text and Cases 7th Edition],
	expected [true] but found [false]">
      <![CDATA[java.lang.AssertionError: The following asserts failed:
expected [365 Bedtime Stories] but found [Human Resource Management : Text and Cases 7th Edition],
expected [true] but found [false]
at com.client.BookShop_KK.Module.ChildrenAndTeens.ChildrenAndTeensTest.selectBookAndAddToCartAndPlaceOrderTest(ChildrenAndTeensTest.java:68)
at java.base/java.util.concurrent.Executors$RunnableAdapter.call(Executors.java:572)
at java.base/java.util.concurrent.FutureTask.run(FutureTask.java:317)
at java.base/java.util.concurrent.ThreadPoolExecutor.runWorker(ThreadPoolExecutor.java:1144)
at java.base/java.util.concurrent.ThreadPoolExecutor$Worker.run(ThreadPoolExecutor.java:642)
at java.base/java.lang.Thread.run(Thread.java:1583)
... Removed 13 stack frames]]>
    </failure>
  </testcase> <!-- selectBookAndAddToCartAndPlaceOrderTest -->
  <testcase classname="com.client.BookShop_KK.Module.HomePageModule.HomePage02Test" name="createAccountVerificationTest" time="9.322"/>
  <testcase classname="com.client.BookShop_KK.Module.ChildrenAndTeens.ChildrenAndTeensTest" name="selectBookAndAddToCartTest" time="3.539">
    <failure type="java.lang.AssertionError" message="The following asserts failed:
	expected [365 Bedtime Stories] but found [Human Resource Management : Text and Cases 7th Edition],
	expected [true] but found [false]">
      <![CDATA[java.lang.AssertionError: The following asserts failed:
expected [365 Bedtime Stories] but found [Human Resource Management : Text and Cases 7th Edition],
expected [true] but found [false]
at com.client.BookShop_KK.Module.ChildrenAndTeens.ChildrenAndTeensTest.selectBookAndAddToCartTest(ChildrenAndTeensTest.java:43)
at java.base/java.util.concurrent.Executors$RunnableAdapter.call(Executors.java:572)
at java.base/java.util.concurrent.FutureTask.run(FutureTask.java:317)
at java.base/java.util.concurrent.ThreadPoolExecutor.runWorker(ThreadPoolExecutor.java:1144)
at java.base/java.util.concurrent.ThreadPoolExecutor$Worker.run(ThreadPoolExecutor.java:642)
at java.base/java.lang.Thread.run(Thread.java:1583)
... Removed 13 stack frames]]>
    </failure>
  </testcase> <!-- selectBookAndAddToCartTest -->
  <testcase classname="com.client.BookShop_KK.Module.HomePageModule.HomepageTest" name="veifyCategorylinkTest" time="1.399"/>
  <testcase classname="com.client.BookShop_KK.Module.PopularAuthors.PopularAuthorsTest" name="navigateToPopularAuthorSelectBookAddToCartTest" time="16.393"/>
  <testcase classname="com.client.BookShop_KK.Module.RegionalBooks.RegionalBooksTest" name="selectBookAndAddToCartAndPlaceOrderTest" time="4.549">
    <failure type="java.lang.AssertionError" message="The following asserts failed:
	expected [Madhusala] but found [She Broke Up I Didnt! I Just Kissed Someone Else!],
	expected [5] but found [4],
	expected [true] but found [false]">
      <![CDATA[java.lang.AssertionError: The following asserts failed:
expected [Madhusala] but found [She Broke Up I Didnt! I Just Kissed Someone Else!],
expected [5] but found [4],
expected [true] but found [false]
at com.client.BookShop_KK.Module.RegionalBooks.RegionalBooksTest.selectBookAndAddToCartAndPlaceOrderTest(RegionalBooksTest.java:65)
at java.base/java.util.concurrent.Executors$RunnableAdapter.call(Executors.java:572)
at java.base/java.util.concurrent.FutureTask.run(FutureTask.java:317)
at java.base/java.util.concurrent.ThreadPoolExecutor.runWorker(ThreadPoolExecutor.java:1144)
at java.base/java.util.concurrent.ThreadPoolExecutor$Worker.run(ThreadPoolExecutor.java:642)
at java.base/java.lang.Thread.run(Thread.java:1583)
... Removed 13 stack frames]]>
    </failure>
  </testcase> <!-- selectBookAndAddToCartAndPlaceOrderTest -->
  <testcase classname="com.client.BookShop_KK.Module.HomePageModule.HomePage02Test" name="userNamePostAccountCreationVerificationTest" time="7.616"/>
  <testcase classname="com.client.BookShop_KK.Module.HomePageModule.HomepageTest" name="veifyCategorylinkTest" time="0.828"/>
  <testcase classname="com.client.BookShop_KK.Module.HomePageModule.HomepageTest" name="veifyCategorylinkTest" time="0.63"/>
  <testcase classname="com.client.BookShop_KK.Module.RegionalBooks.RegionalBooksTest" name="selectBookAndAddToCartTest" time="2.804">
    <failure type="java.lang.AssertionError" message="The following asserts failed:
	expected [Madhusala] but found [She Broke Up I Didnt! I Just Kissed Someone Else!],
	expected [5] but found [4],
	expected [true] but found [false],
	expected [Madhusala] but found [She Broke Up I Didnt! I Just Kissed Someone Else!],
	expected [3] but found [4],
	expected [true] but found [false]">
      <![CDATA[java.lang.AssertionError: The following asserts failed:
expected [Madhusala] but found [She Broke Up I Didnt! I Just Kissed Someone Else!],
expected [5] but found [4],
expected [true] but found [false],
expected [Madhusala] but found [She Broke Up I Didnt! I Just Kissed Someone Else!],
expected [3] but found [4],
expected [true] but found [false]
at com.client.BookShop_KK.Module.RegionalBooks.RegionalBooksTest.selectBookAndAddToCartTest(RegionalBooksTest.java:45)
at java.base/java.util.concurrent.Executors$RunnableAdapter.call(Executors.java:572)
at java.base/java.util.concurrent.FutureTask.run(FutureTask.java:317)
at java.base/java.util.concurrent.ThreadPoolExecutor.runWorker(ThreadPoolExecutor.java:1144)
at java.base/java.util.concurrent.ThreadPoolExecutor$Worker.run(ThreadPoolExecutor.java:642)
at java.base/java.lang.Thread.run(Thread.java:1583)
... Removed 13 stack frames]]>
    </failure>
  </testcase> <!-- selectBookAndAddToCartTest -->
  <testcase classname="com.client.BookShop_KK.Module.HomePageModule.HomepageTest" name="veifyCategorylinkTest" time="1.028"/>
  <testcase classname="com.client.BookShop_KK.Module.PopularAuthors.PopularAuthorsTest" name="navigateToPopularAuthorSelectBookAndPlaceOrderTestTest" time="8.75"/>
  <testcase classname="com.client.BookShop_KK.Module.HomePageModule.HomepageTest" name="verifyBookbirdLogoDisplayedTest" time="0.207"/>
  <testcase classname="com.client.BookShop_KK.Module.RegionalBooks.RegionalBooksTest" name="sortAndSelectBookAndAddToCartAndPlaceOrderTest" time="8.077">
    <failure type="java.lang.AssertionError" message="The following asserts failed:
	expected [Madhusala] but found [She Broke Up I Didnt! I Just Kissed Someone Else!],
	expected [5] but found [4],
	expected [true] but found [false],
	expected [Madhusala] but found [She Broke Up I Didnt! I Just Kissed Someone Else!],
	expected [3] but found [4],
	expected [true] but found [false]">
      <![CDATA[java.lang.AssertionError: The following asserts failed:
expected [Madhusala] but found [She Broke Up I Didnt! I Just Kissed Someone Else!],
expected [5] but found [4],
expected [true] but found [false],
expected [Madhusala] but found [She Broke Up I Didnt! I Just Kissed Someone Else!],
expected [3] but found [4],
expected [true] but found [false]
at com.client.BookShop_KK.Module.RegionalBooks.RegionalBooksTest.sortAndSelectBookAndAddToCartAndPlaceOrderTest(RegionalBooksTest.java:107)
at java.base/java.util.concurrent.Executors$RunnableAdapter.call(Executors.java:572)
at java.base/java.util.concurrent.FutureTask.run(FutureTask.java:317)
at java.base/java.util.concurrent.ThreadPoolExecutor.runWorker(ThreadPoolExecutor.java:1144)
at java.base/java.util.concurrent.ThreadPoolExecutor$Worker.run(ThreadPoolExecutor.java:642)
at java.base/java.lang.Thread.run(Thread.java:1583)
... Removed 13 stack frames]]>
    </failure>
  </testcase> <!-- sortAndSelectBookAndAddToCartAndPlaceOrderTest -->
  <testcase classname="com.client.BookShop_KK.Module.HomePageModule.HomepageTest" name="verifyNavigationToHomePageViaLogo" time="2.691"/>
  <testcase classname="src.test.java.com.client.BookShop_KK.Module.BusinessAndManagement.BusinessAndManagement" name="businessAndManagementLinkAndProductDetailPageTest" time="1.526"/>
  <testcase classname="com.client.BookShop_KK.Module.HomePageModule.HomepageTest" name="verifySerarchBaarVisiblityTest" time="0.295"/>
  <testcase classname="src.test.java.com.client.BookShop_KK.Module.BusinessAndManagement.BusinessAndManagement" name="businessAndManagementLinkAndProductListingPageTest" time="1.496"/>
  <testcase classname="com.client.BookShop_KK.Module.HomePageModule.HomepageTest" name="verifySerarchBaarWithValidBookNameTest" time="0.829"/>
  <testcase classname="com.client.BookShop_KK.Module.PopularAuthors.PopularAuthorsTest" name="navigateToPopularAuthorSelectBookAndPlaceOrderTestTest" time="10.904"/>
  <testcase classname="com.client.BookShop_KK.Module.ChildrenAndTeens.ChildrenAndTeensTest" name="sortAndSelectBookAndAddToCartAndPlaceOrderTest" time="27.564">
    <failure type="java.lang.AssertionError" message="The following asserts failed:
	expected [365 Bedtime Stories] but found [Human Resource Management : Text and Cases 7th Edition],
	expected [true] but found [false]">
      <![CDATA[java.lang.AssertionError: The following asserts failed:
expected [365 Bedtime Stories] but found [Human Resource Management : Text and Cases 7th Edition],
expected [true] but found [false]
at com.client.BookShop_KK.Module.ChildrenAndTeens.ChildrenAndTeensTest.sortAndSelectBookAndAddToCartAndPlaceOrderTest(ChildrenAndTeensTest.java:103)
at java.base/java.util.concurrent.Executors$RunnableAdapter.call(Executors.java:572)
at java.base/java.util.concurrent.FutureTask.run(FutureTask.java:317)
at java.base/java.util.concurrent.ThreadPoolExecutor.runWorker(ThreadPoolExecutor.java:1144)
at java.base/java.util.concurrent.ThreadPoolExecutor$Worker.run(ThreadPoolExecutor.java:642)
at java.base/java.lang.Thread.run(Thread.java:1583)
... Removed 13 stack frames]]>
    </failure>
  </testcase> <!-- sortAndSelectBookAndAddToCartAndPlaceOrderTest -->
  <testcase classname="src.test.java.com.client.BookShop_KK.Module.BusinessAndManagement.BusinessAndManagement" name="productDetailRemainConstantInCartPageTest" time="4.328"/>
  <testcase classname="src.test.java.com.client.BookShop_KK.Module.HealthAndCooking.HealthAndCooking" name="healthAndCookingLinkAndProductDetailPageTest" time="1.363"/>
  <testcase classname="src.test.java.com.client.BookShop_KK.Module.BusinessAndManagement.BusinessAndManagement" name="selectBookAndAddToCartAndPlaceOrderTest" time="4.925"/>
  <testcase classname="src.test.java.com.client.BookShop_KK.Module.HealthAndCooking.HealthAndCooking" name="healthAndCookingLinkAndProductListingPageTest" time="1.077"/>
  <testcase classname="com.client.BookShop_KK.Module.PopularAuthors.PopularAuthorsTest" name="navigateToPopularAuthorSelectBookAndPlaceOrderTestTest" time="8.819"/>
  <testcase classname="src.test.java.com.client.BookShop_KK.Module.TopNavigationBar.TopNavigationBarNegativeTest" name="navigateToProductListingWithoutLogin" time="1.827"/>
  <testcase classname="src.test.java.com.client.BookShop_KK.Module.BusinessAndManagement.BusinessAndManagement" name="userIsAbleToNavigateBackToHomePage" time="5.709"/>
  <testcase classname="src.test.java.com.client.BookShop_KK.Module.TopNavigationBar.TopNavigationBarTest" name="InvalidProductNameAndProductListingPageTest" time="1.877"/>
  <testcase classname="src.test.java.com.client.BookShop_KK.Module.BusinessAndManagement.BusinessAndManagement" name="verifyDiscountSortingHighToLow" time="2.365"/>
  <testcase classname="src.test.java.com.client.BookShop_KK.Module.HealthAndCooking.HealthAndCooking" name="productDetailRemainConstantInCarPageTest" time="12.321"/>
  <testcase classname="src.test.java.com.client.BookShop_KK.Module.TopNavigationBar.TopNavigationBarTest" name="searchBarAndAddToCartTest" time="3.449"/>
  <testcase classname="com.client.BookShop_KK.Module.PopularAuthors.PopularAuthorsTest" name="navigateToPopularAuthorSelectBookAndPlaceOrderTestTest" time="9.091"/>
  <testcase classname="src.test.java.com.client.BookShop_KK.Module.TopNavigationBar.TopNavigationBarTest" name="searchBarAndCartPageTest" time="2.612"/>
  <testcase classname="src.test.java.com.client.BookShop_KK.Module.HealthAndCooking.HealthAndCooking" name="selectBookAndAddToCartAndPlaceOrderTest" time="3.143"/>
  <testcase classname="com.client.BookShop_KK.Module.PopularAuthors.PopularAuthorsTest" name="sortDiscountSelectAddToCartAndPlaceOrderFromPopularAuthorTest" time="4.303"/>
  <testcase classname="src.test.java.com.client.BookShop_KK.Module.TopNavigationBar.TopNavigationBarTest" name="searchBarAndPlaceOrderTest" time="2.785"/>
  <testcase classname="src.test.java.com.client.BookShop_KK.Module.TopNavigationBar.TopNavigationBarTest" name="searchBarAndProductDetailPageTest" time="1.581"/>
  <testcase classname="com.client.BookShop_KK.Module.PopularAuthors.PopularAuthorsTest" name="sortPriceSelectAddToCartAndPlaceOrderFromPopularAuthorTest" time="3.821"/>
  <testcase classname="src.test.java.com.client.BookShop_KK.Module.TopNavigationBar.TopNavigationBarTest" name="searchBarAndProductListingPageTest" time="1.336"/>
  <testcase classname="com.client.BookShop_KK.Module.PopularAuthors.PopularAuthorsTest" name="verifyBannerLinkLinkTest" time="1.093"/>
  <testcase classname="src.test.java.com.client.BookShop_KK.Module.TopNavigationBar.TopNavigationBarTest" name="searchBookAndAddToCartTest" time="1.896"/>
  <testcase classname="com.client.BookShop_KK.Module.PopularAuthors.PopularAuthorsTest" name="verifyPopularAuthorDisplayedTestTest" time="0.118"/>
  <testcase classname="src.test.java.com.client.BookShop_KK.Module.BusinessAndManagement.BusinessAndManagement" name="verifyDiscountSortingLowToHigh" time="21.18"/>
  <testcase classname="com.client.BookShop_KK.Module.PopularAuthors.PopularAuthorsTest" name="verifyPopularAuthorLink" time="1.035"/>
  <testcase classname="src.test.java.com.client.BookShop_KK.Module.BusinessAndManagement.BusinessAndManagement" name="verifyPriceSortingHighToLow" time="21.194"/>
  <testcase classname="src.test.java.com.client.BookShop_KK.Module.BusinessAndManagement.BusinessAndManagement" name="verifyPriceSortingLowToHigh" time="21.086"/>
  <testcase classname="src.test.java.com.client.BookShop_KK.Module.BusinessAndManagement.BusinessAndManagement" name="verifySortLinkDisdplay" time="0.273"/>
  <testcase classname="com.client.BookShopSystem.BaseUtility.MaterBaseClass" name="@BeforeSuite beforeSuitConfigMethod" time="0.0">
    <ignored/>
  </testcase> <!-- @BeforeSuite beforeSuitConfigMethod -->
  <testcase classname="com.client.BookShopSystem.BaseUtility.MaterBaseClass" name="@BeforeSuite beforeSuitConfigMethod" time="0.0">
    <ignored/>
  </testcase> <!-- @BeforeSuite beforeSuitConfigMethod -->
  <testcase classname="com.client.BookShopSystem.BaseUtility.MaterBaseClass" name="@BeforeSuite beforeSuitConfigMethod" time="0.0">
    <ignored/>
  </testcase> <!-- @BeforeSuite beforeSuitConfigMethod -->
  <testcase classname="com.client.BookShopSystem.BaseUtility.MaterBaseClass" name="@BeforeSuite beforeSuitConfigMethod" time="0.0">
    <ignored/>
  </testcase> <!-- @BeforeSuite beforeSuitConfigMethod -->
  <testcase classname="com.client.BookShopSystem.BaseUtility.MaterBaseClass" name="@AfterSuite afterSuiteConfigMethod" time="0.0">
    <ignored/>
  </testcase> <!-- @AfterSuite afterSuiteConfigMethod -->
  <testcase classname="com.client.BookShopSystem.BaseUtility.MaterBaseClass" name="@BeforeSuite beforeSuitConfigMethod" time="0.0">
    <ignored/>
  </testcase> <!-- @BeforeSuite beforeSuitConfigMethod -->
  <testcase classname="com.client.BookShopSystem.BaseUtility.MaterBaseClass" name="@AfterSuite afterSuiteConfigMethod" time="0.0">
    <ignored/>
  </testcase> <!-- @AfterSuite afterSuiteConfigMethod -->
  <testcase classname="com.client.BookShopSystem.BaseUtility.MaterBaseClass" name="@AfterSuite afterSuiteConfigMethod" time="0.0">
    <ignored/>
  </testcase> <!-- @AfterSuite afterSuiteConfigMethod -->
  <testcase classname="com.client.BookShopSystem.BaseUtility.MaterBaseClass" name="@BeforeSuite beforeSuitConfigMethod" time="0.0">
    <ignored/>
  </testcase> <!-- @BeforeSuite beforeSuitConfigMethod -->
  <testcase classname="com.client.BookShopSystem.BaseUtility.MaterBaseClass" name="@BeforeSuite beforeSuitConfigMethod" time="0.0">
    <ignored/>
  </testcase> <!-- @BeforeSuite beforeSuitConfigMethod -->
  <testcase classname="com.client.BookShopSystem.BaseUtility.MaterBaseClass" name="@AfterSuite afterSuiteConfigMethod" time="0.0">
    <ignored/>
  </testcase> <!-- @AfterSuite afterSuiteConfigMethod -->
  <testcase classname="com.client.BookShopSystem.BaseUtility.MaterBaseClass" name="@AfterSuite afterSuiteConfigMethod" time="0.0">
    <ignored/>
  </testcase> <!-- @AfterSuite afterSuiteConfigMethod -->
  <testcase classname="com.client.BookShopSystem.BaseUtility.MaterBaseClass" name="@AfterSuite afterSuiteConfigMethod" time="0.0">
    <ignored/>
  </testcase> <!-- @AfterSuite afterSuiteConfigMethod -->
  <testcase classname="com.client.BookShopSystem.BaseUtility.MaterBaseClass" name="@BeforeSuite beforeSuitConfigMethod" time="0.0">
    <ignored/>
  </testcase> <!-- @BeforeSuite beforeSuitConfigMethod -->
  <testcase classname="com.client.BookShopSystem.BaseUtility.MaterBaseClass" name="@AfterSuite afterSuiteConfigMethod" time="0.0">
    <ignored/>
  </testcase> <!-- @AfterSuite afterSuiteConfigMethod -->
  <testcase classname="com.client.BookShopSystem.BaseUtility.MaterBaseClass" name="@AfterSuite afterSuiteConfigMethod" time="0.0">
    <ignored/>
  </testcase> <!-- @AfterSuite afterSuiteConfigMethod -->
</testsuite> <!-- Test -->
