<?xml version="1.0" encoding="UTF-8"?>
<!-- Generated by org.testng.reporters.JUnitXMLReporter -->
<testsuite ignored="0" hostname="DESKTOP-N2HG8IN" failures="0" tests="5" name="Test2" time="0.018" errors="0" timestamp="2026-01-07T22:09:39 IST">
  <testcase classname="seleniumPractice.Practice" name="Test1" time="0.003"/>
  <testcase classname="seleniumPractice.Practice" name="Test2" time="0.0"/>
  <testcase classname="seleniumPractice.Practice" name="Test3" time="0.001"/>
  <testcase classname="seleniumPractice.Practice" name="Test4" time="0.001"/>
  <testcase classname="seleniumPractice.Practice" name="Test5" time="0.001"/>
</testsuite> <!-- Test2 -->
