<?xml version="1.0" encoding="UTF-8"?>
<!-- Generated by org.testng.reporters.JUnitXMLReporter -->
<testsuite ignored="12" hostname="DESKTOP-N2HG8IN" failures="0" tests="35" name="Test" time="113.906" errors="0" timestamp="2025-11-01T15:08:53 IST">
  <testcase classname="src.test.java.com.client.BookShop_KK.Module.TopNavigationBar.TopNavigationBarNegativeTest" name="navigateToProductListingWithoutLogin" time="5.748"/>
  <testcase classname="src.test.java.com.client.BookShop_KK.Module.TopNavigationBar.TopNavigationBarTest" name="InvalidProductNameAndProductListingPageTest" time="2.31"/>
  <testcase classname="com.client.BookShop_KK.Module.ChildrenAndTeens.ChildrenAndTeensTest" name="integrationBetweenChildAndTeensLinkAndProductListingPage" time="1.804"/>
  <testcase classname="com.client.BookShop_KK.Module.HomePageModule.HomepageTest" name="veifyCategoryNames" time="1.355"/>
  <testcase classname="src.test.java.com.client.BookShop_KK.Module.HealthAndCooking.HealthAndCooking" name="healthAndCookingLinkAndProductDetailPageTest" time="2.996"/>
  <testcase classname="src.test.java.com.client.BookShop_KK.Module.HealthAndCooking.HealthAndCooking" name="healthAndCookingLinkAndProductListingPageTest" time="1.991"/>
  <testcase classname="com.client.BookShop_KK.Module.HomePageModule.HomepageTest" name="veifyCategorylink" time="3.726"/>
  <testcase classname="src.test.java.com.client.BookShop_KK.Module.TopNavigationBar.TopNavigationBarTest" name="searchBarAndAddToCartTest" time="6.346"/>
  <testcase classname="com.client.BookShop_KK.Module.HomePageModule.HomepageTest" name="veifyCategorylink" time="1.894"/>
  <testcase classname="src.test.java.com.client.BookShop_KK.Module.HealthAndCooking.HealthAndCooking" name="productDetailRemainConstantInCarPageTest" time="4.26"/>
  <testcase classname="com.client.BookShop_KK.Module.HomePageModule.HomePage02Test" name="LoginButtonVerificationTest" time="1.082"/>
  <testcase classname="src.test.java.com.client.BookShop_KK.Module.BusinessAndManagement.BusinessAndManagement" name="businessAndManagementLinkAndProductDetailPageTest" time="3.552"/>
  <testcase classname="com.client.BookShop_KK.Module.HomePageModule.HomePage02Test" name="SignUpButtonVerificationTest" time="1.578"/>
  <testcase classname="com.client.BookShop_KK.Module.HomePageModule.HomepageTest" name="veifyCategorylink" time="0.787"/>
  <testcase classname="src.test.java.com.client.BookShop_KK.Module.TopNavigationBar.TopNavigationBarTest" name="searchBarAndCartPageTest" time="3.629"/>
  <testcase classname="src.test.java.com.client.BookShop_KK.Module.BusinessAndManagement.BusinessAndManagement" name="businessAndManagementLinkAndProductListingPageTest" time="0.914"/>
  <testcase classname="com.client.BookShop_KK.Module.HomePageModule.HomepageTest" name="veifyCategorylink" time="0.677"/>
  <testcase classname="com.client.BookShop_KK.Module.HomePageModule.HomePage02Test" name="createAccountVerificationTest" time="3.177"/>
  <testcase classname="com.client.BookShop_KK.Module.HomePageModule.HomepageTest" name="verifyBookbirdLogoDisplayed" time="0.099"/>
  <testcase classname="com.client.BookShop_KK.Module.HomePageModule.HomePage02Test" name="userNamePostAccountCreationVerificationTest" time="2.547"/>
  <testcase classname="src.test.java.com.client.BookShop_KK.Module.TopNavigationBar.TopNavigationBarTest" name="searchBarAndPlaceOrderTest" time="3.038"/>
  <testcase classname="src.test.java.com.client.BookShop_KK.Module.BusinessAndManagement.BusinessAndManagement" name="productDetailRemainConstantInCartPageTest" time="2.144"/>
  <testcase classname="com.client.BookShop_KK.Module.HomePageModule.HomepageTest" name="verifyNavigationToHomePageViaLogo" time="0.925"/>
  <testcase classname="com.client.BookShop_KK.Module.HomePageModule.HomepageTest" name="verifyPopularAuthorDisplayed" time="0.072"/>
  <testcase classname="src.test.java.com.client.BookShop_KK.Module.TopNavigationBar.TopNavigationBarTest" name="searchBarAndProductDetailPageTest" time="1.888"/>
  <testcase classname="src.test.java.com.client.BookShop_KK.Module.BusinessAndManagement.BusinessAndManagement" name="userIsAbleToNavigateBackToHomePage" time="1.925"/>
  <testcase classname="com.client.BookShop_KK.Module.HomePageModule.HomepageTest" name="verifyPopularAuthorLink" time="1.17"/>
  <testcase classname="src.test.java.com.client.BookShop_KK.Module.TopNavigationBar.TopNavigationBarTest" name="searchBarAndProductListingPageTest" time="1.294"/>
  <testcase classname="src.test.java.com.client.BookShop_KK.Module.BusinessAndManagement.BusinessAndManagement" name="verifyDiscountSortingHighToLow" time="0.872"/>
  <testcase classname="com.client.BookShop_KK.Module.HomePageModule.HomepageTest" name="verifySerarchBaarVisiblity" time="0.098"/>
  <testcase classname="com.client.BookShop_KK.Module.HomePageModule.HomepageTest" name="verifySerarchBaarWithValidBookName" time="0.436"/>
  <testcase classname="src.test.java.com.client.BookShop_KK.Module.BusinessAndManagement.BusinessAndManagement" name="verifyDiscountSortingLowToHigh" time="20.918"/>
  <testcase classname="src.test.java.com.client.BookShop_KK.Module.BusinessAndManagement.BusinessAndManagement" name="verifyPriceSortingHighToLow" time="21.171"/>
  <testcase classname="src.test.java.com.client.BookShop_KK.Module.BusinessAndManagement.BusinessAndManagement" name="verifyPriceSortingLowToHigh" time="21.192"/>
  <testcase classname="src.test.java.com.client.BookShop_KK.Module.BusinessAndManagement.BusinessAndManagement" name="verifySortLinkDisdplay" time="0.641"/>
  <testcase classname="com.client.BookShopSystem.BaseUtility.MaterBaseClass" name="@BeforeSuite beforeSuitConfigMethod" time="0.0">
    <ignored/>
  </testcase> <!-- @BeforeSuite beforeSuitConfigMethod -->
  <testcase classname="com.client.BookShopSystem.BaseUtility.MaterBaseClass" name="@AfterSuite afterSuiteConfigMethod" time="0.0">
    <ignored/>
  </testcase> <!-- @AfterSuite afterSuiteConfigMethod -->
  <testcase classname="com.client.BookShopSystem.BaseUtility.MaterBaseClass" name="@BeforeSuite beforeSuitConfigMethod" time="0.0">
    <ignored/>
  </testcase> <!-- @BeforeSuite beforeSuitConfigMethod -->
  <testcase classname="com.client.BookShopSystem.BaseUtility.MaterBaseClass" name="@BeforeSuite beforeSuitConfigMethod" time="0.0">
    <ignored/>
  </testcase> <!-- @BeforeSuite beforeSuitConfigMethod -->
  <testcase classname="com.client.BookShopSystem.BaseUtility.MaterBaseClass" name="@BeforeSuite beforeSuitConfigMethod" time="0.0">
    <ignored/>
  </testcase> <!-- @BeforeSuite beforeSuitConfigMethod -->
  <testcase classname="com.client.BookShopSystem.BaseUtility.MaterBaseClass" name="@AfterSuite afterSuiteConfigMethod" time="0.0">
    <ignored/>
  </testcase> <!-- @AfterSuite afterSuiteConfigMethod -->
  <testcase classname="com.client.BookShopSystem.BaseUtility.MaterBaseClass" name="@AfterSuite afterSuiteConfigMethod" time="0.0">
    <ignored/>
  </testcase> <!-- @AfterSuite afterSuiteConfigMethod -->
  <testcase classname="com.client.BookShopSystem.BaseUtility.MaterBaseClass" name="@BeforeSuite beforeSuitConfigMethod" time="0.0">
    <ignored/>
  </testcase> <!-- @BeforeSuite beforeSuitConfigMethod -->
  <testcase classname="com.client.BookShopSystem.BaseUtility.MaterBaseClass" name="@AfterSuite afterSuiteConfigMethod" time="0.0">
    <ignored/>
  </testcase> <!-- @AfterSuite afterSuiteConfigMethod -->
  <testcase classname="com.client.BookShopSystem.BaseUtility.MaterBaseClass" name="@BeforeSuite beforeSuitConfigMethod" time="0.0">
    <ignored/>
  </testcase> <!-- @BeforeSuite beforeSuitConfigMethod -->
  <testcase classname="com.client.BookShopSystem.BaseUtility.MaterBaseClass" name="@AfterSuite afterSuiteConfigMethod" time="0.0">
    <ignored/>
  </testcase> <!-- @AfterSuite afterSuiteConfigMethod -->
  <testcase classname="com.client.BookShopSystem.BaseUtility.MaterBaseClass" name="@AfterSuite afterSuiteConfigMethod" time="0.0">
    <ignored/>
  </testcase> <!-- @AfterSuite afterSuiteConfigMethod -->
</testsuite> <!-- Test -->
