<?xml version="1.0" encoding="UTF-8"?>
<!-- Generated by org.testng.reporters.JUnitXMLReporter -->
<testsuite ignored="4" hostname="DESKTOP-N2HG8IN" failures="0" tests="5" name="Test(failed)" time="82.247" errors="0" timestamp="2025-11-01T14:49:35 IST">
  <testcase classname="src.test.java.com.client.BookShop_KK.Module.BusinessAndManagement.BusinessAndManagement" name="verifyPriceSortingLowToHigh" time="22.454"/>
  <testcase classname="src.test.java.com.client.BookShop_KK.Module.BusinessAndManagement.BusinessAndManagement" name="productDetailRemainConstantInCartPageTest" time="1.63"/>
  <testcase classname="src.test.java.com.client.BookShop_KK.Module.BusinessAndManagement.BusinessAndManagement" name="verifyDiscountSortingLowToHigh" time="25.671"/>
  <testcase classname="src.test.java.com.client.BookShop_KK.Module.BusinessAndManagement.BusinessAndManagement" name="verifyDiscountSortingHighToLow" time="1.078"/>
  <testcase classname="src.test.java.com.client.BookShop_KK.Module.BusinessAndManagement.BusinessAndManagement" name="verifyPriceSortingHighToLow" time="21.389"/>
  <testcase classname="src.test.java.com.client.BookShop_KK.Module.BusinessAndManagement.BusinessAndManagement" name="businessAndManagementLinkAndProductListingPageTest" time="0.0">
    <ignored/>
  </testcase> <!-- businessAndManagementLinkAndProductListingPageTest -->
  <testcase classname="src.test.java.com.client.BookShop_KK.Module.BusinessAndManagement.BusinessAndManagement" name="userIsAbleToNavigateBackToHomePage" time="0.0">
    <ignored/>
  </testcase> <!-- userIsAbleToNavigateBackToHomePage -->
  <testcase classname="src.test.java.com.client.BookShop_KK.Module.BusinessAndManagement.BusinessAndManagement" name="verifySortLinkDisdplay" time="0.0">
    <ignored/>
  </testcase> <!-- verifySortLinkDisdplay -->
  <testcase classname="src.test.java.com.client.BookShop_KK.Module.BusinessAndManagement.BusinessAndManagement" name="businessAndManagementLinkAndProductDetailPageTest" time="0.0">
    <ignored/>
  </testcase> <!-- businessAndManagementLinkAndProductDetailPageTest -->
</testsuite> <!-- Test(failed) -->
