<?xml version="1.0" encoding="UTF-8"?>
<testng-results ignored="0" total="4" passed="4" failed="0" skipped="0">
  <reporter-output>
  </reporter-output>
  <suite started-at="2025-10-14T13:16:51 IST" name="Default suite" finished-at="2025-10-14T13:16:58 IST" duration-ms="6910">
    <groups>
      <group name="Smoke">
        <method signature="HomepageTest.veifyCategotNames(java.lang.String)[pri:0, instance:com.client.BookShop_KK.Module.HomePageModule.HomepageTest@3fc2959f]" name="veifyCategotNames" class="com.client.BookShop_KK.Module.HomePageModule.HomepageTest"/>
      </group> <!-- Smoke -->
    </groups>
    <test started-at="2025-10-14T13:16:51 IST" name="Default test" finished-at="2025-10-14T13:16:58 IST" duration-ms="6910">
      <class name="com.client.BookShop_KK.Module.HomePageModule.HomepageTest">
        <test-method is-config="true" signature="beforeSuitConfigMethod()[pri:0, instance:com.client.BookShop_KK.Module.HomePageModule.HomepageTest@3fc2959f]" started-at="2025-10-14T13:16:51 IST" name="beforeSuitConfigMethod" finished-at="2025-10-14T13:16:51 IST" duration-ms="11" status="PASS">
          <reporter-output>
          </reporter-output>
        </test-method> <!-- beforeSuitConfigMethod -->
        <test-method is-config="true" signature="beforeClassConfigMethod(org.testng.xml.XmlTest)[pri:0, instance:com.client.BookShop_KK.Module.HomePageModule.HomepageTest@3fc2959f]" started-at="2025-10-14T13:16:51 IST" name="beforeClassConfigMethod" finished-at="2025-10-14T13:16:53 IST" duration-ms="1948" status="PASS">
          <params>
            <param index="0">
              <value>
                <![CDATA[org.testng.xml.XmlTest@50303e75]]>
              </value>
            </param>
          </params>
          <reporter-output>
          </reporter-output>
        </test-method> <!-- beforeClassConfigMethod -->
        <test-method is-config="true" signature="beforeMethodConfigMethod()[pri:0, instance:com.client.BookShop_KK.Module.HomePageModule.HomepageTest@3fc2959f]" started-at="2025-10-14T13:16:54 IST" name="beforeMethodConfigMethod" finished-at="2025-10-14T13:16:54 IST" duration-ms="459" status="PASS">
          <reporter-output>
          </reporter-output>
        </test-method> <!-- beforeMethodConfigMethod -->
        <test-method signature="veifyCategotNames(java.lang.String)[pri:0, instance:com.client.BookShop_KK.Module.HomePageModule.HomepageTest@3fc2959f]" started-at="2025-10-14T13:16:54 IST" name="veifyCategotNames" data-provider="categoryNamesData" finished-at="2025-10-14T13:16:54 IST" duration-ms="65" status="PASS">
          <params>
            <param index="0">
              <value>
                <![CDATA[Children ]]>
              </value>
            </param>
          </params>
          <reporter-output>
          </reporter-output>
        </test-method> <!-- veifyCategotNames -->
        <test-method is-config="true" signature="afterMethodConfigMethod()[pri:0, instance:com.client.BookShop_KK.Module.HomePageModule.HomepageTest@3fc2959f]" started-at="2025-10-14T13:16:54 IST" name="afterMethodConfigMethod" finished-at="2025-10-14T13:16:54 IST" duration-ms="230" status="PASS">
          <reporter-output>
          </reporter-output>
        </test-method> <!-- afterMethodConfigMethod -->
        <test-method is-config="true" signature="beforeMethodConfigMethod()[pri:0, instance:com.client.BookShop_KK.Module.HomePageModule.HomepageTest@3fc2959f]" started-at="2025-10-14T13:16:54 IST" name="beforeMethodConfigMethod" finished-at="2025-10-14T13:16:55 IST" duration-ms="526" status="PASS">
          <reporter-output>
          </reporter-output>
        </test-method> <!-- beforeMethodConfigMethod -->
        <test-method signature="veifyCategotNames(java.lang.String)[pri:0, instance:com.client.BookShop_KK.Module.HomePageModule.HomepageTest@3fc2959f]" started-at="2025-10-14T13:16:55 IST" name="veifyCategotNames" data-provider="categoryNamesData" finished-at="2025-10-14T13:16:55 IST" duration-ms="51" status="PASS">
          <params>
            <param index="0">
              <value>
                <![CDATA[Regional ]]>
              </value>
            </param>
          </params>
          <reporter-output>
          </reporter-output>
        </test-method> <!-- veifyCategotNames -->
        <test-method is-config="true" signature="afterMethodConfigMethod()[pri:0, instance:com.client.BookShop_KK.Module.HomePageModule.HomepageTest@3fc2959f]" started-at="2025-10-14T13:16:55 IST" name="afterMethodConfigMethod" finished-at="2025-10-14T13:16:55 IST" duration-ms="178" status="PASS">
          <reporter-output>
          </reporter-output>
        </test-method> <!-- afterMethodConfigMethod -->
        <test-method is-config="true" signature="beforeMethodConfigMethod()[pri:0, instance:com.client.BookShop_KK.Module.HomePageModule.HomepageTest@3fc2959f]" started-at="2025-10-14T13:16:55 IST" name="beforeMethodConfigMethod" finished-at="2025-10-14T13:16:56 IST" duration-ms="969" status="PASS">
          <reporter-output>
          </reporter-output>
        </test-method> <!-- beforeMethodConfigMethod -->
        <test-method signature="veifyCategotNames(java.lang.String)[pri:0, instance:com.client.BookShop_KK.Module.HomePageModule.HomepageTest@3fc2959f]" started-at="2025-10-14T13:16:56 IST" name="veifyCategotNames" data-provider="categoryNamesData" finished-at="2025-10-14T13:16:56 IST" duration-ms="37" status="PASS">
          <params>
            <param index="0">
              <value>
                <![CDATA[Business]]>
              </value>
            </param>
          </params>
          <reporter-output>
          </reporter-output>
        </test-method> <!-- veifyCategotNames -->
        <test-method is-config="true" signature="afterMethodConfigMethod()[pri:0, instance:com.client.BookShop_KK.Module.HomePageModule.HomepageTest@3fc2959f]" started-at="2025-10-14T13:16:56 IST" name="afterMethodConfigMethod" finished-at="2025-10-14T13:16:56 IST" duration-ms="156" status="PASS">
          <reporter-output>
          </reporter-output>
        </test-method> <!-- afterMethodConfigMethod -->
        <test-method is-config="true" signature="beforeMethodConfigMethod()[pri:0, instance:com.client.BookShop_KK.Module.HomePageModule.HomepageTest@3fc2959f]" started-at="2025-10-14T13:16:56 IST" name="beforeMethodConfigMethod" finished-at="2025-10-14T13:16:57 IST" duration-ms="972" status="PASS">
          <reporter-output>
          </reporter-output>
        </test-method> <!-- beforeMethodConfigMethod -->
        <test-method signature="veifyCategotNames(java.lang.String)[pri:0, instance:com.client.BookShop_KK.Module.HomePageModule.HomepageTest@3fc2959f]" started-at="2025-10-14T13:16:57 IST" name="veifyCategotNames" data-provider="categoryNamesData" finished-at="2025-10-14T13:16:57 IST" duration-ms="38" status="PASS">
          <params>
            <param index="0">
              <value>
                <![CDATA[Health ]]>
              </value>
            </param>
          </params>
          <reporter-output>
          </reporter-output>
        </test-method> <!-- veifyCategotNames -->
        <test-method is-config="true" signature="afterMethodConfigMethod()[pri:0, instance:com.client.BookShop_KK.Module.HomePageModule.HomepageTest@3fc2959f]" started-at="2025-10-14T13:16:57 IST" name="afterMethodConfigMethod" finished-at="2025-10-14T13:16:57 IST" duration-ms="175" status="PASS">
          <reporter-output>
          </reporter-output>
        </test-method> <!-- afterMethodConfigMethod -->
        <test-method is-config="true" signature="afterClassConfigMethod()[pri:0, instance:com.client.BookShop_KK.Module.HomePageModule.HomepageTest@3fc2959f]" started-at="2025-10-14T13:16:57 IST" name="afterClassConfigMethod" finished-at="2025-10-14T13:16:58 IST" duration-ms="204" status="PASS">
          <reporter-output>
          </reporter-output>
        </test-method> <!-- afterClassConfigMethod -->
        <test-method is-config="true" signature="afterSuiteConfigMethod()[pri:0, instance:com.client.BookShop_KK.Module.HomePageModule.HomepageTest@3fc2959f]" started-at="2025-10-14T13:16:58 IST" name="afterSuiteConfigMethod" finished-at="2025-10-14T13:16:58 IST" duration-ms="1" status="PASS">
          <reporter-output>
          </reporter-output>
        </test-method> <!-- afterSuiteConfigMethod -->
      </class> <!-- com.client.BookShop_KK.Module.HomePageModule.HomepageTest -->
    </test> <!-- Default test -->
  </suite> <!-- Default suite -->
</testng-results>
