<?xml version="1.0" encoding="UTF-8"?>
<testng-results ignored="0" total="1" passed="0" failed="1" skipped="0">
  <reporter-output>
  </reporter-output>
  <suite started-at="2025-10-14T12:52:37 IST" name="Default suite" finished-at="2025-10-14T12:52:41 IST" duration-ms="3909">
    <groups>
      <group name="Smoke">
        <method signature="HomepageTest.veifyCategotNames()[pri:0, instance:com.client.BookShop_KK.Module.HomePage.HomepageTest@3fc2959f]" name="veifyCategotNames" class="com.client.BookShop_KK.Module.HomePage.HomepageTest"/>
      </group> <!-- Smoke -->
    </groups>
    <test started-at="2025-10-14T12:52:37 IST" name="Default test" finished-at="2025-10-14T12:52:41 IST" duration-ms="3909">
      <class name="com.client.BookShop_KK.Module.HomePage.HomepageTest">
        <test-method is-config="true" signature="beforeSuitConfigMethod()[pri:0, instance:com.client.BookShop_KK.Module.HomePage.HomepageTest@3fc2959f]" started-at="2025-10-14T12:52:37 IST" name="beforeSuitConfigMethod" finished-at="2025-10-14T12:52:37 IST" duration-ms="11" status="PASS">
          <reporter-output>
          </reporter-output>
        </test-method> <!-- beforeSuitConfigMethod -->
        <test-method is-config="true" signature="beforeClassConfigMethod(org.testng.xml.XmlTest)[pri:0, instance:com.client.BookShop_KK.Module.HomePage.HomepageTest@3fc2959f]" started-at="2025-10-14T12:52:37 IST" name="beforeClassConfigMethod" finished-at="2025-10-14T12:52:40 IST" duration-ms="2902" status="PASS">
          <params>
            <param index="0">
              <value>
                <![CDATA[org.testng.xml.XmlTest@b32201d9]]>
              </value>
            </param>
          </params>
          <reporter-output>
          </reporter-output>
        </test-method> <!-- beforeClassConfigMethod -->
        <test-method signature="veifyCategotNames()[pri:0, instance:com.client.BookShop_KK.Module.HomePage.HomepageTest@3fc2959f]" started-at="2025-10-14T12:52:40 IST" name="veifyCategotNames" data-provider="categotNamesData" finished-at="2025-10-14T12:52:40 IST" duration-ms="754" status="FAIL">
          <exception class="org.testng.internal.reflect.MethodMatcherException">
            <message>
              <![CDATA[
[public void com.client.BookShop_KK.Module.HomePage.HomepageTest.veifyCategotNames()] has no parameters defined but was found to be using a data provider (either explicitly specified or inherited from class level annotation).
Data provider mismatch
Method: veifyCategotNames([])
Arguments: [null]]]>
            </message>
            <full-stacktrace>
              <![CDATA[org.testng.internal.reflect.MethodMatcherException: 
[public void com.client.BookShop_KK.Module.HomePage.HomepageTest.veifyCategotNames()] has no parameters defined but was found to be using a data provider (either explicitly specified or inherited from class level annotation).
Data provider mismatch
Method: veifyCategotNames([])
Arguments: [null]
at org.testng.internal.reflect.DataProviderMethodMatcher.getConformingArguments(DataProviderMethodMatcher.java:46)
at org.testng.internal.Parameters.injectParameters(Parameters.java:915)
at org.testng.internal.invokers.MethodRunner.runInSequence(MethodRunner.java:50)
at org.testng.internal.invokers.TestInvoker$MethodInvocationAgent.invoke(TestInvoker.java:992)
at org.testng.internal.invokers.TestInvoker.invokeTestMethods(TestInvoker.java:203)
at org.testng.internal.invokers.TestMethodWorker.invokeTestMethods(TestMethodWorker.java:154)
at org.testng.internal.invokers.TestMethodWorker.run(TestMethodWorker.java:134)
at java.base/java.util.ArrayList.forEach(ArrayList.java:1596)
at org.testng.TestRunner.privateRun(TestRunner.java:739)
at org.testng.TestRunner.run(TestRunner.java:614)
at org.testng.SuiteRunner.runTest(SuiteRunner.java:421)
at org.testng.SuiteRunner.runSequentially(SuiteRunner.java:413)
at org.testng.SuiteRunner.privateRun(SuiteRunner.java:373)
at org.testng.SuiteRunner.run(SuiteRunner.java:312)
at org.testng.SuiteRunnerWorker.runSuite(SuiteRunnerWorker.java:52)
at org.testng.SuiteRunnerWorker.run(SuiteRunnerWorker.java:95)
at org.testng.TestNG.runSuitesSequentially(TestNG.java:1274)
at org.testng.TestNG.runSuitesLocally(TestNG.java:1208)
at org.testng.TestNG.runSuites(TestNG.java:1112)
at org.testng.TestNG.run(TestNG.java:1079)
at org.testng.remote.AbstractRemoteTestNG.run(AbstractRemoteTestNG.java:115)
at org.testng.remote.RemoteTestNG.initAndRun(RemoteTestNG.java:293)
at org.testng.remote.RemoteTestNG.main(RemoteTestNG.java:91)
]]>
            </full-stacktrace>
          </exception> <!-- org.testng.internal.reflect.MethodMatcherException -->
          <reporter-output>
          </reporter-output>
        </test-method> <!-- veifyCategotNames -->
        <test-method is-config="true" signature="afterClassConfigMethod()[pri:0, instance:com.client.BookShop_KK.Module.HomePage.HomepageTest@3fc2959f]" started-at="2025-10-14T12:52:40 IST" name="afterClassConfigMethod" finished-at="2025-10-14T12:52:41 IST" duration-ms="224" status="PASS">
          <reporter-output>
          </reporter-output>
        </test-method> <!-- afterClassConfigMethod -->
        <test-method is-config="true" signature="afterSuiteConfigMethod()[pri:0, instance:com.client.BookShop_KK.Module.HomePage.HomepageTest@3fc2959f]" started-at="2025-10-14T12:52:41 IST" name="afterSuiteConfigMethod" finished-at="2025-10-14T12:52:41 IST" duration-ms="0" status="PASS">
          <reporter-output>
          </reporter-output>
        </test-method> <!-- afterSuiteConfigMethod -->
      </class> <!-- com.client.BookShop_KK.Module.HomePage.HomepageTest -->
    </test> <!-- Default test -->
  </suite> <!-- Default suite -->
</testng-results>
