<?xml version="1.0" encoding="UTF-8"?>
<testng-results ignored="0" total="1" passed="1" failed="0" skipped="0">
  <reporter-output>
  </reporter-output>
  <suite started-at="2025-10-15T16:15:35 IST" name="Default suite" finished-at="2025-10-15T16:15:40 IST" duration-ms="5325">
    <groups>
      <group name="integration">
        <method signature="ChildrenAndTeensTest.integrationBetweenChildAndTeensLinkAndProductListingPage()[pri:0, instance:com.client.BookShop_KK.Module.ChildrenAndTeens.ChildrenAndTeensTest@c730b35]" name="integrationBetweenChildAndTeensLinkAndProductListingPage" class="com.client.BookShop_KK.Module.ChildrenAndTeens.ChildrenAndTeensTest"/>
      </group> <!-- integration -->
    </groups>
    <test started-at="2025-10-15T16:15:35 IST" name="Default test" finished-at="2025-10-15T16:15:40 IST" duration-ms="5325">
      <class name="com.client.BookShop_KK.Module.ChildrenAndTeens.ChildrenAndTeensTest">
        <test-method is-config="true" signature="beforeSuitConfigMethod()[pri:0, instance:com.client.BookShop_KK.Module.ChildrenAndTeens.ChildrenAndTeensTest@c730b35]" started-at="2025-10-15T16:15:35 IST" name="beforeSuitConfigMethod" finished-at="2025-10-15T16:15:35 IST" duration-ms="11" status="PASS">
          <reporter-output>
          </reporter-output>
        </test-method> <!-- beforeSuitConfigMethod -->
        <test-method is-config="true" signature="beforeClassConfigMethod(org.testng.xml.XmlTest)[pri:0, instance:com.client.BookShop_KK.Module.ChildrenAndTeens.ChildrenAndTeensTest@c730b35]" started-at="2025-10-15T16:15:35 IST" name="beforeClassConfigMethod" finished-at="2025-10-15T16:15:38 IST" duration-ms="3093" status="PASS">
          <params>
            <param index="0">
              <value>
                <![CDATA[org.testng.xml.XmlTest@677336a3]]>
              </value>
            </param>
          </params>
          <reporter-output>
          </reporter-output>
        </test-method> <!-- beforeClassConfigMethod -->
        <test-method is-config="true" signature="beforeMethodConfigMethod()[pri:0, instance:com.client.BookShop_KK.Module.ChildrenAndTeens.ChildrenAndTeensTest@c730b35]" started-at="2025-10-15T16:15:38 IST" name="beforeMethodConfigMethod" finished-at="2025-10-15T16:15:38 IST" duration-ms="683" status="PASS">
          <reporter-output>
          </reporter-output>
        </test-method> <!-- beforeMethodConfigMethod -->
        <test-method signature="integrationBetweenChildAndTeensLinkAndProductListingPage()[pri:0, instance:com.client.BookShop_KK.Module.ChildrenAndTeens.ChildrenAndTeensTest@c730b35]" started-at="2025-10-15T16:15:38 IST" name="integrationBetweenChildAndTeensLinkAndProductListingPage" finished-at="2025-10-15T16:15:39 IST" duration-ms="823" status="PASS">
          <reporter-output>
          </reporter-output>
        </test-method> <!-- integrationBetweenChildAndTeensLinkAndProductListingPage -->
        <test-method is-config="true" signature="afterMethodConfigMethod()[pri:0, instance:com.client.BookShop_KK.Module.ChildrenAndTeens.ChildrenAndTeensTest@c730b35]" started-at="2025-10-15T16:15:39 IST" name="afterMethodConfigMethod" finished-at="2025-10-15T16:15:40 IST" duration-ms="394" status="PASS">
          <reporter-output>
          </reporter-output>
        </test-method> <!-- afterMethodConfigMethod -->
        <test-method is-config="true" signature="afterClassConfigMethod()[pri:0, instance:com.client.BookShop_KK.Module.ChildrenAndTeens.ChildrenAndTeensTest@c730b35]" started-at="2025-10-15T16:15:40 IST" name="afterClassConfigMethod" finished-at="2025-10-15T16:15:40 IST" duration-ms="269" status="PASS">
          <reporter-output>
          </reporter-output>
        </test-method> <!-- afterClassConfigMethod -->
        <test-method is-config="true" signature="afterSuiteConfigMethod()[pri:0, instance:com.client.BookShop_KK.Module.ChildrenAndTeens.ChildrenAndTeensTest@c730b35]" started-at="2025-10-15T16:15:40 IST" name="afterSuiteConfigMethod" finished-at="2025-10-15T16:15:40 IST" duration-ms="2" status="PASS">
          <reporter-output>
          </reporter-output>
        </test-method> <!-- afterSuiteConfigMethod -->
      </class> <!-- com.client.BookShop_KK.Module.ChildrenAndTeens.ChildrenAndTeensTest -->
    </test> <!-- Default test -->
  </suite> <!-- Default suite -->
</testng-results>
