<?xml version="1.0" encoding="UTF-8"?>
<testng-results ignored="0" total="1" passed="1" failed="0" skipped="0">
  <reporter-output>
  </reporter-output>
  <suite started-at="2025-11-01T22:56:51 IST" name="Default suite" finished-at="2025-11-01T22:57:22 IST" duration-ms="31371">
    <groups>
      <group name="system">
        <method signature="ChildrenAndTeensTest.sortAndSelectBookAndAddToCartAndPlaceOrderTest()[pri:0, instance:com.client.BookShop_KK.Module.ChildrenAndTeens.ChildrenAndTeensTest@7d8704ef]" name="sortAndSelectBookAndAddToCartAndPlaceOrderTest" class="com.client.BookShop_KK.Module.ChildrenAndTeens.ChildrenAndTeensTest"/>
      </group> <!-- system -->
    </groups>
    <test started-at="2025-11-01T22:56:51 IST" name="Default test" finished-at="2025-11-01T22:57:22 IST" duration-ms="31371">
      <class name="com.client.BookShop_KK.Module.ChildrenAndTeens.ChildrenAndTeensTest">
        <test-method is-config="true" signature="beforeSuitConfigMethod()[pri:0, instance:com.client.BookShop_KK.Module.ChildrenAndTeens.ChildrenAndTeensTest@7d8704ef]" started-at="2025-11-01T22:56:51 IST" name="beforeSuitConfigMethod" finished-at="2025-11-01T22:56:51 IST" duration-ms="9" status="PASS">
          <reporter-output>
          </reporter-output>
        </test-method> <!-- beforeSuitConfigMethod -->
        <test-method is-config="true" signature="beforeClassConfigMethod(org.testng.xml.XmlTest)[pri:0, instance:com.client.BookShop_KK.Module.ChildrenAndTeens.ChildrenAndTeensTest@7d8704ef]" started-at="2025-11-01T22:56:51 IST" name="beforeClassConfigMethod" finished-at="2025-11-01T22:56:54 IST" duration-ms="3068" status="PASS">
          <params>
            <param index="0">
              <value>
                <![CDATA[org.testng.xml.XmlTest@7197c8b6]]>
              </value>
            </param>
          </params>
          <reporter-output>
          </reporter-output>
        </test-method> <!-- beforeClassConfigMethod -->
        <test-method is-config="true" signature="beforeMethodConfigMethod()[pri:0, instance:com.client.BookShop_KK.Module.ChildrenAndTeens.ChildrenAndTeensTest@7d8704ef]" started-at="2025-11-01T22:56:54 IST" name="beforeMethodConfigMethod" finished-at="2025-11-01T22:56:55 IST" duration-ms="789" status="PASS">
          <reporter-output>
          </reporter-output>
        </test-method> <!-- beforeMethodConfigMethod -->
        <test-method signature="sortAndSelectBookAndAddToCartAndPlaceOrderTest()[pri:0, instance:com.client.BookShop_KK.Module.ChildrenAndTeens.ChildrenAndTeensTest@7d8704ef]" started-at="2025-11-01T22:56:55 IST" name="sortAndSelectBookAndAddToCartAndPlaceOrderTest" finished-at="2025-11-01T22:57:21 IST" duration-ms="26391" status="PASS">
          <reporter-output>
          </reporter-output>
        </test-method> <!-- sortAndSelectBookAndAddToCartAndPlaceOrderTest -->
        <test-method is-config="true" signature="afterMethodConfigMethod()[pri:0, instance:com.client.BookShop_KK.Module.ChildrenAndTeens.ChildrenAndTeensTest@7d8704ef]" started-at="2025-11-01T22:57:21 IST" name="afterMethodConfigMethod" finished-at="2025-11-01T22:57:22 IST" duration-ms="460" status="PASS">
          <reporter-output>
          </reporter-output>
        </test-method> <!-- afterMethodConfigMethod -->
        <test-method is-config="true" signature="afterClassConfigMethod()[pri:0, instance:com.client.BookShop_KK.Module.ChildrenAndTeens.ChildrenAndTeensTest@7d8704ef]" started-at="2025-11-01T22:57:22 IST" name="afterClassConfigMethod" finished-at="2025-11-01T22:57:22 IST" duration-ms="605" status="PASS">
          <reporter-output>
          </reporter-output>
        </test-method> <!-- afterClassConfigMethod -->
        <test-method is-config="true" signature="afterSuiteConfigMethod()[pri:0, instance:com.client.BookShop_KK.Module.ChildrenAndTeens.ChildrenAndTeensTest@7d8704ef]" started-at="2025-11-01T22:57:22 IST" name="afterSuiteConfigMethod" finished-at="2025-11-01T22:57:22 IST" duration-ms="1" status="PASS">
          <reporter-output>
          </reporter-output>
        </test-method> <!-- afterSuiteConfigMethod -->
      </class> <!-- com.client.BookShop_KK.Module.ChildrenAndTeens.ChildrenAndTeensTest -->
    </test> <!-- Default test -->
  </suite> <!-- Default suite -->
</testng-results>
