<?xml version="1.0" encoding="UTF-8"?>
<testng-results ignored="0" total="1" passed="1" failed="0" skipped="0">
  <reporter-output>
  </reporter-output>
  <suite started-at="2025-11-12T13:20:33 IST" name="Default suite" finished-at="2025-11-12T13:20:39 IST" duration-ms="5654">
    <groups>
    </groups>
    <test started-at="2025-11-12T13:20:33 IST" name="Default test" finished-at="2025-11-12T13:20:39 IST" duration-ms="5654">
      <class name="src.test.java.com.client.BookShop_KK.Module.HealthAndCooking.HealthAndCooking">
        <test-method is-config="true" signature="beforeSuitConfigMethod()[pri:0, instance:src.test.java.com.client.BookShop_KK.Module.HealthAndCooking.HealthAndCooking@13b6aecc]" started-at="2025-11-12T13:20:33 IST" name="beforeSuitConfigMethod" finished-at="2025-11-12T13:20:33 IST" duration-ms="11" status="PASS">
          <reporter-output>
          </reporter-output>
        </test-method> <!-- beforeSuitConfigMethod -->
        <test-method is-config="true" signature="beforeClassConfigMethod(org.testng.xml.XmlTest)[pri:0, instance:src.test.java.com.client.BookShop_KK.Module.HealthAndCooking.HealthAndCooking@13b6aecc]" started-at="2025-11-12T13:20:33 IST" name="beforeClassConfigMethod" finished-at="2025-11-12T13:20:36 IST" duration-ms="3338" status="PASS">
          <params>
            <param index="0">
              <value>
                <![CDATA[org.testng.xml.XmlTest@9cc820e]]>
              </value>
            </param>
          </params>
          <reporter-output>
          </reporter-output>
        </test-method> <!-- beforeClassConfigMethod -->
        <test-method is-config="true" signature="beforeMethodConfigMethod()[pri:0, instance:src.test.java.com.client.BookShop_KK.Module.HealthAndCooking.HealthAndCooking@13b6aecc]" started-at="2025-11-12T13:20:36 IST" name="beforeMethodConfigMethod" finished-at="2025-11-12T13:20:37 IST" duration-ms="723" status="PASS">
          <reporter-output>
          </reporter-output>
        </test-method> <!-- beforeMethodConfigMethod -->
        <test-method signature="method()[pri:0, instance:src.test.java.com.client.BookShop_KK.Module.HealthAndCooking.HealthAndCooking@13b6aecc]" started-at="2025-11-12T13:20:37 IST" name="method" finished-at="2025-11-12T13:20:38 IST" duration-ms="881" status="PASS">
          <reporter-output>
          </reporter-output>
        </test-method> <!-- method -->
        <test-method is-config="true" signature="afterMethodConfigMethod()[pri:0, instance:src.test.java.com.client.BookShop_KK.Module.HealthAndCooking.HealthAndCooking@13b6aecc]" started-at="2025-11-12T13:20:38 IST" name="afterMethodConfigMethod" finished-at="2025-11-12T13:20:38 IST" duration-ms="380" status="PASS">
          <reporter-output>
          </reporter-output>
        </test-method> <!-- afterMethodConfigMethod -->
        <test-method is-config="true" signature="afterClassConfigMethod()[pri:0, instance:src.test.java.com.client.BookShop_KK.Module.HealthAndCooking.HealthAndCooking@13b6aecc]" started-at="2025-11-12T13:20:38 IST" name="afterClassConfigMethod" finished-at="2025-11-12T13:20:39 IST" duration-ms="286" status="PASS">
          <reporter-output>
          </reporter-output>
        </test-method> <!-- afterClassConfigMethod -->
        <test-method is-config="true" signature="afterSuiteConfigMethod()[pri:0, instance:src.test.java.com.client.BookShop_KK.Module.HealthAndCooking.HealthAndCooking@13b6aecc]" started-at="2025-11-12T13:20:39 IST" name="afterSuiteConfigMethod" finished-at="2025-11-12T13:20:39 IST" duration-ms="0" status="PASS">
          <reporter-output>
          </reporter-output>
        </test-method> <!-- afterSuiteConfigMethod -->
      </class> <!-- src.test.java.com.client.BookShop_KK.Module.HealthAndCooking.HealthAndCooking -->
    </test> <!-- Default test -->
  </suite> <!-- Default suite -->
</testng-results>
