<?xml version="1.0" encoding="UTF-8"?>
<testng-results ignored="0" total="1" passed="1" failed="0" skipped="0">
  <reporter-output>
  </reporter-output>
  <suite started-at="2025-10-14T05:14:53 GMT-07:00" name="Default suite" finished-at="2025-10-14T05:15:11 GMT-07:00" duration-ms="18394">
    <groups>
    </groups>
    <test started-at="2025-10-14T05:14:53 GMT-07:00" name="Default test" finished-at="2025-10-14T05:15:11 GMT-07:00" duration-ms="18394">
      <class name="com.client.BookShop_AK.Module.AcedemicAndProfessional">
        <test-method is-config="true" signature="beforeSuitConfigMethod()[pri:0, instance:com.client.BookShop_AK.Module.AcedemicAndProfessional@c730b35]" started-at="2025-10-14T05:14:53 GMT-07:00" name="beforeSuitConfigMethod" finished-at="2025-10-14T05:14:53 GMT-07:00" duration-ms="31" status="PASS">
          <reporter-output>
          </reporter-output>
        </test-method> <!-- beforeSuitConfigMethod -->
        <test-method is-config="true" signature="beforeClassConfigMethod(org.testng.xml.XmlTest)[pri:0, instance:com.client.BookShop_AK.Module.AcedemicAndProfessional@c730b35]" started-at="2025-10-14T05:14:53 GMT-07:00" name="beforeClassConfigMethod" finished-at="2025-10-14T05:15:02 GMT-07:00" duration-ms="9083" status="PASS">
          <params>
            <param index="0">
              <value>
                <![CDATA[org.testng.xml.XmlTest@d29d6705]]>
              </value>
            </param>
          </params>
          <reporter-output>
          </reporter-output>
        </test-method> <!-- beforeClassConfigMethod -->
        <test-method is-config="true" signature="beforeMethodConfigMethod()[pri:0, instance:com.client.BookShop_AK.Module.AcedemicAndProfessional@c730b35]" started-at="2025-10-14T05:15:02 GMT-07:00" name="beforeMethodConfigMethod" finished-at="2025-10-14T05:15:04 GMT-07:00" duration-ms="1666" status="PASS">
          <reporter-output>
          </reporter-output>
        </test-method> <!-- beforeMethodConfigMethod -->
        <test-method signature="executeAcedemicAndProfessional()[pri:0, instance:com.client.BookShop_AK.Module.AcedemicAndProfessional@c730b35]" started-at="2025-10-14T05:15:04 GMT-07:00" name="executeAcedemicAndProfessional" finished-at="2025-10-14T05:15:09 GMT-07:00" duration-ms="4836" status="PASS">
          <reporter-output>
          </reporter-output>
        </test-method> <!-- executeAcedemicAndProfessional -->
        <test-method is-config="true" signature="afterMethodConfigMethod()[pri:0, instance:com.client.BookShop_AK.Module.AcedemicAndProfessional@c730b35]" started-at="2025-10-14T05:15:09 GMT-07:00" name="afterMethodConfigMethod" finished-at="2025-10-14T05:15:09 GMT-07:00" duration-ms="595" status="PASS">
          <reporter-output>
          </reporter-output>
        </test-method> <!-- afterMethodConfigMethod -->
        <test-method is-config="true" signature="afterClassConfigMethod()[pri:0, instance:com.client.BookShop_AK.Module.AcedemicAndProfessional@c730b35]" started-at="2025-10-14T05:15:09 GMT-07:00" name="afterClassConfigMethod" finished-at="2025-10-14T05:15:11 GMT-07:00" duration-ms="2063" status="PASS">
          <reporter-output>
          </reporter-output>
        </test-method> <!-- afterClassConfigMethod -->
        <test-method is-config="true" signature="afterSuiteConfigMethod()[pri:0, instance:com.client.BookShop_AK.Module.AcedemicAndProfessional@c730b35]" started-at="2025-10-14T05:15:11 GMT-07:00" name="afterSuiteConfigMethod" finished-at="2025-10-14T05:15:11 GMT-07:00" duration-ms="2" status="PASS">
          <reporter-output>
          </reporter-output>
        </test-method> <!-- afterSuiteConfigMethod -->
      </class> <!-- com.client.BookShop_AK.Module.AcedemicAndProfessional -->
    </test> <!-- Default test -->
  </suite> <!-- Default suite -->
</testng-results>
