<?xml version="1.0" encoding="UTF-8"?>
<testng-results ignored="0" total="12" passed="12" failed="0" skipped="0">
  <reporter-output>
  </reporter-output>
  <suite started-at="2025-10-14T15:57:04 IST" name="Default suite" finished-at="2025-10-14T15:57:28 IST" duration-ms="23645">
    <groups>
      <group name="Smoke">
        <method signature="HomepageTest.veifyCategoryNames(java.lang.String,java.lang.String)[pri:0, instance:com.client.BookShop_KK.Module.HomePageModule.HomepageTest@10683d9d]" name="veifyCategoryNames" class="com.client.BookShop_KK.Module.HomePageModule.HomepageTest"/>
        <method signature="HomepageTest.veifyCategorylink(java.lang.String,java.lang.String)[pri:0, instance:com.client.BookShop_KK.Module.HomePageModule.HomepageTest@10683d9d]" name="veifyCategorylink" class="com.client.BookShop_KK.Module.HomePageModule.HomepageTest"/>
        <method signature="HomepageTest.verifyBookbirdLogoDisplayed()[pri:0, instance:com.client.BookShop_KK.Module.HomePageModule.HomepageTest@10683d9d]" name="verifyBookbirdLogoDisplayed" class="com.client.BookShop_KK.Module.HomePageModule.HomepageTest"/>
        <method signature="HomepageTest.verifyNavigationToHomePageViaLogo()[pri:0, instance:com.client.BookShop_KK.Module.HomePageModule.HomepageTest@10683d9d]" name="verifyNavigationToHomePageViaLogo" class="com.client.BookShop_KK.Module.HomePageModule.HomepageTest"/>
        <method signature="HomepageTest.verifySerarchBaarVisiblity()[pri:0, instance:com.client.BookShop_KK.Module.HomePageModule.HomepageTest@10683d9d]" name="verifySerarchBaarVisiblity" class="com.client.BookShop_KK.Module.HomePageModule.HomepageTest"/>
        <method signature="HomepageTest.verifySerarchBaarWithValidBookName()[pri:0, instance:com.client.BookShop_KK.Module.HomePageModule.HomepageTest@10683d9d]" name="verifySerarchBaarWithValidBookName" class="com.client.BookShop_KK.Module.HomePageModule.HomepageTest"/>
      </group> <!-- Smoke -->
    </groups>
    <test started-at="2025-10-14T15:57:04 IST" name="Default test" finished-at="2025-10-14T15:57:28 IST" duration-ms="23645">
      <class name="com.client.BookShop_KK.Module.HomePageModule.HomepageTest">
        <test-method is-config="true" signature="beforeSuitConfigMethod()[pri:0, instance:com.client.BookShop_KK.Module.HomePageModule.HomepageTest@10683d9d]" started-at="2025-10-14T15:57:04 IST" name="beforeSuitConfigMethod" finished-at="2025-10-14T15:57:04 IST" duration-ms="9" status="PASS">
          <reporter-output>
          </reporter-output>
        </test-method> <!-- beforeSuitConfigMethod -->
        <test-method is-config="true" signature="beforeClassConfigMethod(org.testng.xml.XmlTest)[pri:0, instance:com.client.BookShop_KK.Module.HomePageModule.HomepageTest@10683d9d]" started-at="2025-10-14T15:57:04 IST" name="beforeClassConfigMethod" finished-at="2025-10-14T15:57:06 IST" duration-ms="2321" status="PASS">
          <params>
            <param index="0">
              <value>
                <![CDATA[org.testng.xml.XmlTest@6906fcc4]]>
              </value>
            </param>
          </params>
          <reporter-output>
          </reporter-output>
        </test-method> <!-- beforeClassConfigMethod -->
        <test-method is-config="true" signature="beforeMethodConfigMethod()[pri:0, instance:com.client.BookShop_KK.Module.HomePageModule.HomepageTest@10683d9d]" started-at="2025-10-14T15:57:08 IST" name="beforeMethodConfigMethod" finished-at="2025-10-14T15:57:09 IST" duration-ms="684" status="PASS">
          <reporter-output>
          </reporter-output>
        </test-method> <!-- beforeMethodConfigMethod -->
        <test-method signature="veifyCategoryNames(java.lang.String,java.lang.String)[pri:0, instance:com.client.BookShop_KK.Module.HomePageModule.HomepageTest@10683d9d]" started-at="2025-10-14T15:57:09 IST" name="veifyCategoryNames" data-provider="categoryNamesData" finished-at="2025-10-14T15:57:09 IST" duration-ms="138" status="PASS">
          <params>
            <param index="0">
              <value>
                <![CDATA[Children ]]>
              </value>
            </param>
            <param index="1">
              <value>
                <![CDATA[Children and Teens STORE]]>
              </value>
            </param>
          </params>
          <reporter-output>
          </reporter-output>
        </test-method> <!-- veifyCategoryNames -->
        <test-method is-config="true" signature="afterMethodConfigMethod()[pri:0, instance:com.client.BookShop_KK.Module.HomePageModule.HomepageTest@10683d9d]" started-at="2025-10-14T15:57:09 IST" name="afterMethodConfigMethod" finished-at="2025-10-14T15:57:09 IST" duration-ms="234" status="PASS">
          <reporter-output>
          </reporter-output>
        </test-method> <!-- afterMethodConfigMethod -->
        <test-method is-config="true" signature="beforeMethodConfigMethod()[pri:0, instance:com.client.BookShop_KK.Module.HomePageModule.HomepageTest@10683d9d]" started-at="2025-10-14T15:57:09 IST" name="beforeMethodConfigMethod" finished-at="2025-10-14T15:57:11 IST" duration-ms="1148" status="PASS">
          <reporter-output>
          </reporter-output>
        </test-method> <!-- beforeMethodConfigMethod -->
        <test-method signature="veifyCategoryNames(java.lang.String,java.lang.String)[pri:0, instance:com.client.BookShop_KK.Module.HomePageModule.HomepageTest@10683d9d]" started-at="2025-10-14T15:57:11 IST" name="veifyCategoryNames" data-provider="categoryNamesData" finished-at="2025-10-14T15:57:11 IST" duration-ms="112" status="PASS">
          <params>
            <param index="0">
              <value>
                <![CDATA[Regional ]]>
              </value>
            </param>
            <param index="1">
              <value>
                <![CDATA[Regional Books STORE]]>
              </value>
            </param>
          </params>
          <reporter-output>
          </reporter-output>
        </test-method> <!-- veifyCategoryNames -->
        <test-method is-config="true" signature="afterMethodConfigMethod()[pri:0, instance:com.client.BookShop_KK.Module.HomePageModule.HomepageTest@10683d9d]" started-at="2025-10-14T15:57:11 IST" name="afterMethodConfigMethod" finished-at="2025-10-14T15:57:11 IST" duration-ms="212" status="PASS">
          <reporter-output>
          </reporter-output>
        </test-method> <!-- afterMethodConfigMethod -->
        <test-method is-config="true" signature="beforeMethodConfigMethod()[pri:0, instance:com.client.BookShop_KK.Module.HomePageModule.HomepageTest@10683d9d]" started-at="2025-10-14T15:57:11 IST" name="beforeMethodConfigMethod" finished-at="2025-10-14T15:57:12 IST" duration-ms="1191" status="PASS">
          <reporter-output>
          </reporter-output>
        </test-method> <!-- beforeMethodConfigMethod -->
        <test-method signature="veifyCategoryNames(java.lang.String,java.lang.String)[pri:0, instance:com.client.BookShop_KK.Module.HomePageModule.HomepageTest@10683d9d]" started-at="2025-10-14T15:57:12 IST" name="veifyCategoryNames" data-provider="categoryNamesData" finished-at="2025-10-14T15:57:12 IST" duration-ms="123" status="PASS">
          <params>
            <param index="0">
              <value>
                <![CDATA[Business]]>
              </value>
            </param>
            <param index="1">
              <value>
                <![CDATA[Business and Management STORE]]>
              </value>
            </param>
          </params>
          <reporter-output>
          </reporter-output>
        </test-method> <!-- veifyCategoryNames -->
        <test-method is-config="true" signature="afterMethodConfigMethod()[pri:0, instance:com.client.BookShop_KK.Module.HomePageModule.HomepageTest@10683d9d]" started-at="2025-10-14T15:57:12 IST" name="afterMethodConfigMethod" finished-at="2025-10-14T15:57:12 IST" duration-ms="223" status="PASS">
          <reporter-output>
          </reporter-output>
        </test-method> <!-- afterMethodConfigMethod -->
        <test-method is-config="true" signature="beforeMethodConfigMethod()[pri:0, instance:com.client.BookShop_KK.Module.HomePageModule.HomepageTest@10683d9d]" started-at="2025-10-14T15:57:12 IST" name="beforeMethodConfigMethod" finished-at="2025-10-14T15:57:14 IST" duration-ms="1237" status="PASS">
          <reporter-output>
          </reporter-output>
        </test-method> <!-- beforeMethodConfigMethod -->
        <test-method signature="veifyCategoryNames(java.lang.String,java.lang.String)[pri:0, instance:com.client.BookShop_KK.Module.HomePageModule.HomepageTest@10683d9d]" started-at="2025-10-14T15:57:14 IST" name="veifyCategoryNames" data-provider="categoryNamesData" finished-at="2025-10-14T15:57:14 IST" duration-ms="164" status="PASS">
          <params>
            <param index="0">
              <value>
                <![CDATA[Health ]]>
              </value>
            </param>
            <param index="1">
              <value>
                <![CDATA[Health and Cooking STORE]]>
              </value>
            </param>
          </params>
          <reporter-output>
          </reporter-output>
        </test-method> <!-- veifyCategoryNames -->
        <test-method is-config="true" signature="afterMethodConfigMethod()[pri:0, instance:com.client.BookShop_KK.Module.HomePageModule.HomepageTest@10683d9d]" started-at="2025-10-14T15:57:14 IST" name="afterMethodConfigMethod" finished-at="2025-10-14T15:57:14 IST" duration-ms="314" status="PASS">
          <reporter-output>
          </reporter-output>
        </test-method> <!-- afterMethodConfigMethod -->
        <test-method is-config="true" signature="beforeMethodConfigMethod()[pri:0, instance:com.client.BookShop_KK.Module.HomePageModule.HomepageTest@10683d9d]" started-at="2025-10-14T15:57:15 IST" name="beforeMethodConfigMethod" finished-at="2025-10-14T15:57:16 IST" duration-ms="1152" status="PASS">
          <reporter-output>
          </reporter-output>
        </test-method> <!-- beforeMethodConfigMethod -->
        <test-method signature="veifyCategorylink(java.lang.String,java.lang.String)[pri:0, instance:com.client.BookShop_KK.Module.HomePageModule.HomepageTest@10683d9d]" started-at="2025-10-14T15:57:16 IST" name="veifyCategorylink" data-provider="categoryNamesData" finished-at="2025-10-14T15:57:16 IST" duration-ms="419" status="PASS">
          <params>
            <param index="0">
              <value>
                <![CDATA[Children ]]>
              </value>
            </param>
            <param index="1">
              <value>
                <![CDATA[Children and Teens STORE]]>
              </value>
            </param>
          </params>
          <reporter-output>
          </reporter-output>
        </test-method> <!-- veifyCategorylink -->
        <test-method is-config="true" signature="afterMethodConfigMethod()[pri:0, instance:com.client.BookShop_KK.Module.HomePageModule.HomepageTest@10683d9d]" started-at="2025-10-14T15:57:16 IST" name="afterMethodConfigMethod" finished-at="2025-10-14T15:57:16 IST" duration-ms="251" status="PASS">
          <reporter-output>
          </reporter-output>
        </test-method> <!-- afterMethodConfigMethod -->
        <test-method is-config="true" signature="beforeMethodConfigMethod()[pri:0, instance:com.client.BookShop_KK.Module.HomePageModule.HomepageTest@10683d9d]" started-at="2025-10-14T15:57:16 IST" name="beforeMethodConfigMethod" finished-at="2025-10-14T15:57:17 IST" duration-ms="1119" status="PASS">
          <reporter-output>
          </reporter-output>
        </test-method> <!-- beforeMethodConfigMethod -->
        <test-method signature="veifyCategorylink(java.lang.String,java.lang.String)[pri:0, instance:com.client.BookShop_KK.Module.HomePageModule.HomepageTest@10683d9d]" started-at="2025-10-14T15:57:17 IST" name="veifyCategorylink" data-provider="categoryNamesData" finished-at="2025-10-14T15:57:18 IST" duration-ms="290" status="PASS">
          <params>
            <param index="0">
              <value>
                <![CDATA[Regional ]]>
              </value>
            </param>
            <param index="1">
              <value>
                <![CDATA[Regional Books STORE]]>
              </value>
            </param>
          </params>
          <reporter-output>
          </reporter-output>
        </test-method> <!-- veifyCategorylink -->
        <test-method is-config="true" signature="afterMethodConfigMethod()[pri:0, instance:com.client.BookShop_KK.Module.HomePageModule.HomepageTest@10683d9d]" started-at="2025-10-14T15:57:18 IST" name="afterMethodConfigMethod" finished-at="2025-10-14T15:57:18 IST" duration-ms="205" status="PASS">
          <reporter-output>
          </reporter-output>
        </test-method> <!-- afterMethodConfigMethod -->
        <test-method is-config="true" signature="beforeMethodConfigMethod()[pri:0, instance:com.client.BookShop_KK.Module.HomePageModule.HomepageTest@10683d9d]" started-at="2025-10-14T15:57:18 IST" name="beforeMethodConfigMethod" finished-at="2025-10-14T15:57:19 IST" duration-ms="1083" status="PASS">
          <reporter-output>
          </reporter-output>
        </test-method> <!-- beforeMethodConfigMethod -->
        <test-method signature="veifyCategorylink(java.lang.String,java.lang.String)[pri:0, instance:com.client.BookShop_KK.Module.HomePageModule.HomepageTest@10683d9d]" started-at="2025-10-14T15:57:19 IST" name="veifyCategorylink" data-provider="categoryNamesData" finished-at="2025-10-14T15:57:19 IST" duration-ms="337" status="PASS">
          <params>
            <param index="0">
              <value>
                <![CDATA[Business]]>
              </value>
            </param>
            <param index="1">
              <value>
                <![CDATA[Business and Management STORE]]>
              </value>
            </param>
          </params>
          <reporter-output>
          </reporter-output>
        </test-method> <!-- veifyCategorylink -->
        <test-method is-config="true" signature="afterMethodConfigMethod()[pri:0, instance:com.client.BookShop_KK.Module.HomePageModule.HomepageTest@10683d9d]" started-at="2025-10-14T15:57:19 IST" name="afterMethodConfigMethod" finished-at="2025-10-14T15:57:20 IST" duration-ms="225" status="PASS">
          <reporter-output>
          </reporter-output>
        </test-method> <!-- afterMethodConfigMethod -->
        <test-method is-config="true" signature="beforeMethodConfigMethod()[pri:0, instance:com.client.BookShop_KK.Module.HomePageModule.HomepageTest@10683d9d]" started-at="2025-10-14T15:57:20 IST" name="beforeMethodConfigMethod" finished-at="2025-10-14T15:57:21 IST" duration-ms="1148" status="PASS">
          <reporter-output>
          </reporter-output>
        </test-method> <!-- beforeMethodConfigMethod -->
        <test-method signature="veifyCategorylink(java.lang.String,java.lang.String)[pri:0, instance:com.client.BookShop_KK.Module.HomePageModule.HomepageTest@10683d9d]" started-at="2025-10-14T15:57:21 IST" name="veifyCategorylink" data-provider="categoryNamesData" finished-at="2025-10-14T15:57:21 IST" duration-ms="313" status="PASS">
          <params>
            <param index="0">
              <value>
                <![CDATA[Health ]]>
              </value>
            </param>
            <param index="1">
              <value>
                <![CDATA[Health and Cooking STORE]]>
              </value>
            </param>
          </params>
          <reporter-output>
          </reporter-output>
        </test-method> <!-- veifyCategorylink -->
        <test-method is-config="true" signature="afterMethodConfigMethod()[pri:0, instance:com.client.BookShop_KK.Module.HomePageModule.HomepageTest@10683d9d]" started-at="2025-10-14T15:57:21 IST" name="afterMethodConfigMethod" finished-at="2025-10-14T15:57:21 IST" duration-ms="309" status="PASS">
          <reporter-output>
          </reporter-output>
        </test-method> <!-- afterMethodConfigMethod -->
        <test-method is-config="true" signature="beforeMethodConfigMethod()[pri:0, instance:com.client.BookShop_KK.Module.HomePageModule.HomepageTest@10683d9d]" started-at="2025-10-14T15:57:21 IST" name="beforeMethodConfigMethod" finished-at="2025-10-14T15:57:22 IST" duration-ms="708" status="PASS">
          <reporter-output>
          </reporter-output>
        </test-method> <!-- beforeMethodConfigMethod -->
        <test-method signature="verifyBookbirdLogoDisplayed()[pri:0, instance:com.client.BookShop_KK.Module.HomePageModule.HomepageTest@10683d9d]" started-at="2025-10-14T15:57:22 IST" name="verifyBookbirdLogoDisplayed" finished-at="2025-10-14T15:57:22 IST" duration-ms="58" status="PASS">
          <reporter-output>
          </reporter-output>
        </test-method> <!-- verifyBookbirdLogoDisplayed -->
        <test-method is-config="true" signature="afterMethodConfigMethod()[pri:0, instance:com.client.BookShop_KK.Module.HomePageModule.HomepageTest@10683d9d]" started-at="2025-10-14T15:57:22 IST" name="afterMethodConfigMethod" finished-at="2025-10-14T15:57:22 IST" duration-ms="215" status="PASS">
          <reporter-output>
          </reporter-output>
        </test-method> <!-- afterMethodConfigMethod -->
        <test-method is-config="true" signature="beforeMethodConfigMethod()[pri:0, instance:com.client.BookShop_KK.Module.HomePageModule.HomepageTest@10683d9d]" started-at="2025-10-14T15:57:22 IST" name="beforeMethodConfigMethod" finished-at="2025-10-14T15:57:24 IST" duration-ms="1176" status="PASS">
          <reporter-output>
          </reporter-output>
        </test-method> <!-- beforeMethodConfigMethod -->
        <test-method signature="verifyNavigationToHomePageViaLogo()[pri:0, instance:com.client.BookShop_KK.Module.HomePageModule.HomepageTest@10683d9d]" started-at="2025-10-14T15:57:24 IST" name="verifyNavigationToHomePageViaLogo" finished-at="2025-10-14T15:57:24 IST" duration-ms="710" status="PASS">
          <reporter-output>
          </reporter-output>
        </test-method> <!-- verifyNavigationToHomePageViaLogo -->
        <test-method is-config="true" signature="afterMethodConfigMethod()[pri:0, instance:com.client.BookShop_KK.Module.HomePageModule.HomepageTest@10683d9d]" started-at="2025-10-14T15:57:24 IST" name="afterMethodConfigMethod" finished-at="2025-10-14T15:57:25 IST" duration-ms="231" status="PASS">
          <reporter-output>
          </reporter-output>
        </test-method> <!-- afterMethodConfigMethod -->
        <test-method is-config="true" signature="beforeMethodConfigMethod()[pri:0, instance:com.client.BookShop_KK.Module.HomePageModule.HomepageTest@10683d9d]" started-at="2025-10-14T15:57:25 IST" name="beforeMethodConfigMethod" finished-at="2025-10-14T15:57:25 IST" duration-ms="710" status="PASS">
          <reporter-output>
          </reporter-output>
        </test-method> <!-- beforeMethodConfigMethod -->
        <test-method signature="verifySerarchBaarVisiblity()[pri:0, instance:com.client.BookShop_KK.Module.HomePageModule.HomepageTest@10683d9d]" started-at="2025-10-14T15:57:25 IST" name="verifySerarchBaarVisiblity" finished-at="2025-10-14T15:57:25 IST" duration-ms="63" status="PASS">
          <reporter-output>
          </reporter-output>
        </test-method> <!-- verifySerarchBaarVisiblity -->
        <test-method is-config="true" signature="afterMethodConfigMethod()[pri:0, instance:com.client.BookShop_KK.Module.HomePageModule.HomepageTest@10683d9d]" started-at="2025-10-14T15:57:25 IST" name="afterMethodConfigMethod" finished-at="2025-10-14T15:57:25 IST" duration-ms="218" status="PASS">
          <reporter-output>
          </reporter-output>
        </test-method> <!-- afterMethodConfigMethod -->
        <test-method is-config="true" signature="beforeMethodConfigMethod()[pri:0, instance:com.client.BookShop_KK.Module.HomePageModule.HomepageTest@10683d9d]" started-at="2025-10-14T15:57:25 IST" name="beforeMethodConfigMethod" finished-at="2025-10-14T15:57:27 IST" duration-ms="1133" status="PASS">
          <reporter-output>
          </reporter-output>
        </test-method> <!-- beforeMethodConfigMethod -->
        <test-method signature="verifySerarchBaarWithValidBookName()[pri:0, instance:com.client.BookShop_KK.Module.HomePageModule.HomepageTest@10683d9d]" started-at="2025-10-14T15:57:27 IST" name="verifySerarchBaarWithValidBookName" finished-at="2025-10-14T15:57:27 IST" duration-ms="473" status="PASS">
          <reporter-output>
          </reporter-output>
        </test-method> <!-- verifySerarchBaarWithValidBookName -->
        <test-method is-config="true" signature="afterMethodConfigMethod()[pri:0, instance:com.client.BookShop_KK.Module.HomePageModule.HomepageTest@10683d9d]" started-at="2025-10-14T15:57:27 IST" name="afterMethodConfigMethod" finished-at="2025-10-14T15:57:27 IST" duration-ms="280" status="PASS">
          <reporter-output>
          </reporter-output>
        </test-method> <!-- afterMethodConfigMethod -->
        <test-method is-config="true" signature="afterClassConfigMethod()[pri:0, instance:com.client.BookShop_KK.Module.HomePageModule.HomepageTest@10683d9d]" started-at="2025-10-14T15:57:27 IST" name="afterClassConfigMethod" finished-at="2025-10-14T15:57:28 IST" duration-ms="401" status="PASS">
          <reporter-output>
          </reporter-output>
        </test-method> <!-- afterClassConfigMethod -->
        <test-method is-config="true" signature="afterSuiteConfigMethod()[pri:0, instance:com.client.BookShop_KK.Module.HomePageModule.HomepageTest@10683d9d]" started-at="2025-10-14T15:57:28 IST" name="afterSuiteConfigMethod" finished-at="2025-10-14T15:57:28 IST" duration-ms="0" status="PASS">
          <reporter-output>
          </reporter-output>
        </test-method> <!-- afterSuiteConfigMethod -->
      </class> <!-- com.client.BookShop_KK.Module.HomePageModule.HomepageTest -->
    </test> <!-- Default test -->
  </suite> <!-- Default suite -->
</testng-results>
