<?xml version="1.0" encoding="UTF-8"?>
<testng-results ignored="0" total="9" passed="9" failed="0" skipped="0">
  <reporter-output>
  </reporter-output>
  <suite started-at="2025-10-14T16:31:31 IST" name="Default suite" finished-at="2025-10-14T16:32:04 IST" duration-ms="32434">
    <groups>
      <group name="Smoke">
        <method signature="HomepageTest.veifyCategoryNames()[pri:0, instance:com.client.BookShop_KK.Module.HomePageModule.HomepageTest@10683d9d]" name="veifyCategoryNames" class="com.client.BookShop_KK.Module.HomePageModule.HomepageTest"/>
        <method signature="HomepageTest.veifyCategorylink(java.lang.String,java.lang.String)[pri:0, instance:com.client.BookShop_KK.Module.HomePageModule.HomepageTest@10683d9d]" name="veifyCategorylink" class="com.client.BookShop_KK.Module.HomePageModule.HomepageTest"/>
        <method signature="HomepageTest.verifyBookbirdLogoDisplayed()[pri:0, instance:com.client.BookShop_KK.Module.HomePageModule.HomepageTest@10683d9d]" name="verifyBookbirdLogoDisplayed" class="com.client.BookShop_KK.Module.HomePageModule.HomepageTest"/>
        <method signature="HomepageTest.verifyNavigationToHomePageViaLogo()[pri:0, instance:com.client.BookShop_KK.Module.HomePageModule.HomepageTest@10683d9d]" name="verifyNavigationToHomePageViaLogo" class="com.client.BookShop_KK.Module.HomePageModule.HomepageTest"/>
        <method signature="HomepageTest.verifySerarchBaarVisiblity()[pri:0, instance:com.client.BookShop_KK.Module.HomePageModule.HomepageTest@10683d9d]" name="verifySerarchBaarVisiblity" class="com.client.BookShop_KK.Module.HomePageModule.HomepageTest"/>
        <method signature="HomepageTest.verifySerarchBaarWithValidBookName()[pri:0, instance:com.client.BookShop_KK.Module.HomePageModule.HomepageTest@10683d9d]" name="verifySerarchBaarWithValidBookName" class="com.client.BookShop_KK.Module.HomePageModule.HomepageTest"/>
      </group> <!-- Smoke -->
    </groups>
    <test started-at="2025-10-14T16:31:31 IST" name="Default test" finished-at="2025-10-14T16:32:04 IST" duration-ms="32434">
      <class name="com.client.BookShop_KK.Module.HomePageModule.HomepageTest">
        <test-method is-config="true" signature="beforeSuitConfigMethod()[pri:0, instance:com.client.BookShop_KK.Module.HomePageModule.HomepageTest@10683d9d]" started-at="2025-10-14T16:31:31 IST" name="beforeSuitConfigMethod" finished-at="2025-10-14T16:31:31 IST" duration-ms="8" status="PASS">
          <reporter-output>
          </reporter-output>
        </test-method> <!-- beforeSuitConfigMethod -->
        <test-method is-config="true" signature="beforeClassConfigMethod(org.testng.xml.XmlTest)[pri:0, instance:com.client.BookShop_KK.Module.HomePageModule.HomepageTest@10683d9d]" started-at="2025-10-14T16:31:31 IST" name="beforeClassConfigMethod" finished-at="2025-10-14T16:31:36 IST" duration-ms="5021" status="PASS">
          <params>
            <param index="0">
              <value>
                <![CDATA[org.testng.xml.XmlTest@20b730ec]]>
              </value>
            </param>
          </params>
          <reporter-output>
          </reporter-output>
        </test-method> <!-- beforeClassConfigMethod -->
        <test-method is-config="true" signature="beforeMethodConfigMethod()[pri:0, instance:com.client.BookShop_KK.Module.HomePageModule.HomepageTest@10683d9d]" started-at="2025-10-14T16:31:36 IST" name="beforeMethodConfigMethod" finished-at="2025-10-14T16:31:37 IST" duration-ms="721" status="PASS">
          <reporter-output>
          </reporter-output>
        </test-method> <!-- beforeMethodConfigMethod -->
        <test-method signature="veifyCategoryNames()[pri:0, instance:com.client.BookShop_KK.Module.HomePageModule.HomepageTest@10683d9d]" started-at="2025-10-14T16:31:37 IST" name="veifyCategoryNames" finished-at="2025-10-14T16:31:39 IST" duration-ms="2065" status="PASS">
          <reporter-output>
          </reporter-output>
        </test-method> <!-- veifyCategoryNames -->
        <test-method is-config="true" signature="afterMethodConfigMethod()[pri:0, instance:com.client.BookShop_KK.Module.HomePageModule.HomepageTest@10683d9d]" started-at="2025-10-14T16:31:39 IST" name="afterMethodConfigMethod" finished-at="2025-10-14T16:31:39 IST" duration-ms="234" status="PASS">
          <reporter-output>
          </reporter-output>
        </test-method> <!-- afterMethodConfigMethod -->
        <test-method is-config="true" signature="beforeMethodConfigMethod()[pri:0, instance:com.client.BookShop_KK.Module.HomePageModule.HomepageTest@10683d9d]" started-at="2025-10-14T16:31:40 IST" name="beforeMethodConfigMethod" finished-at="2025-10-14T16:31:41 IST" duration-ms="1173" status="PASS">
          <reporter-output>
          </reporter-output>
        </test-method> <!-- beforeMethodConfigMethod -->
        <test-method signature="veifyCategorylink(java.lang.String,java.lang.String)[pri:0, instance:com.client.BookShop_KK.Module.HomePageModule.HomepageTest@10683d9d]" started-at="2025-10-14T16:31:41 IST" name="veifyCategorylink" data-provider="categoryNamesData" finished-at="2025-10-14T16:31:42 IST" duration-ms="1217" status="PASS">
          <params>
            <param index="0">
              <value>
                <![CDATA[Children ]]>
              </value>
            </param>
            <param index="1">
              <value>
                <![CDATA[Children and Teens STORE]]>
              </value>
            </param>
          </params>
          <reporter-output>
          </reporter-output>
        </test-method> <!-- veifyCategorylink -->
        <test-method is-config="true" signature="afterMethodConfigMethod()[pri:0, instance:com.client.BookShop_KK.Module.HomePageModule.HomepageTest@10683d9d]" started-at="2025-10-14T16:31:42 IST" name="afterMethodConfigMethod" finished-at="2025-10-14T16:31:42 IST" duration-ms="273" status="PASS">
          <reporter-output>
          </reporter-output>
        </test-method> <!-- afterMethodConfigMethod -->
        <test-method is-config="true" signature="beforeMethodConfigMethod()[pri:0, instance:com.client.BookShop_KK.Module.HomePageModule.HomepageTest@10683d9d]" started-at="2025-10-14T16:31:42 IST" name="beforeMethodConfigMethod" finished-at="2025-10-14T16:31:44 IST" duration-ms="1566" status="PASS">
          <reporter-output>
          </reporter-output>
        </test-method> <!-- beforeMethodConfigMethod -->
        <test-method signature="veifyCategorylink(java.lang.String,java.lang.String)[pri:0, instance:com.client.BookShop_KK.Module.HomePageModule.HomepageTest@10683d9d]" started-at="2025-10-14T16:31:44 IST" name="veifyCategorylink" data-provider="categoryNamesData" finished-at="2025-10-14T16:31:46 IST" duration-ms="1586" status="PASS">
          <params>
            <param index="0">
              <value>
                <![CDATA[Regional ]]>
              </value>
            </param>
            <param index="1">
              <value>
                <![CDATA[Regional Books STORE]]>
              </value>
            </param>
          </params>
          <reporter-output>
          </reporter-output>
        </test-method> <!-- veifyCategorylink -->
        <test-method is-config="true" signature="afterMethodConfigMethod()[pri:0, instance:com.client.BookShop_KK.Module.HomePageModule.HomepageTest@10683d9d]" started-at="2025-10-14T16:31:46 IST" name="afterMethodConfigMethod" finished-at="2025-10-14T16:31:46 IST" duration-ms="288" status="PASS">
          <reporter-output>
          </reporter-output>
        </test-method> <!-- afterMethodConfigMethod -->
        <test-method is-config="true" signature="beforeMethodConfigMethod()[pri:0, instance:com.client.BookShop_KK.Module.HomePageModule.HomepageTest@10683d9d]" started-at="2025-10-14T16:31:46 IST" name="beforeMethodConfigMethod" finished-at="2025-10-14T16:31:47 IST" duration-ms="1336" status="PASS">
          <reporter-output>
          </reporter-output>
        </test-method> <!-- beforeMethodConfigMethod -->
        <test-method signature="veifyCategorylink(java.lang.String,java.lang.String)[pri:0, instance:com.client.BookShop_KK.Module.HomePageModule.HomepageTest@10683d9d]" started-at="2025-10-14T16:31:47 IST" name="veifyCategorylink" data-provider="categoryNamesData" finished-at="2025-10-14T16:31:48 IST" duration-ms="1120" status="PASS">
          <params>
            <param index="0">
              <value>
                <![CDATA[Business]]>
              </value>
            </param>
            <param index="1">
              <value>
                <![CDATA[Business and Management STORE]]>
              </value>
            </param>
          </params>
          <reporter-output>
          </reporter-output>
        </test-method> <!-- veifyCategorylink -->
        <test-method is-config="true" signature="afterMethodConfigMethod()[pri:0, instance:com.client.BookShop_KK.Module.HomePageModule.HomepageTest@10683d9d]" started-at="2025-10-14T16:31:48 IST" name="afterMethodConfigMethod" finished-at="2025-10-14T16:31:49 IST" duration-ms="322" status="PASS">
          <reporter-output>
          </reporter-output>
        </test-method> <!-- afterMethodConfigMethod -->
        <test-method is-config="true" signature="beforeMethodConfigMethod()[pri:0, instance:com.client.BookShop_KK.Module.HomePageModule.HomepageTest@10683d9d]" started-at="2025-10-14T16:31:49 IST" name="beforeMethodConfigMethod" finished-at="2025-10-14T16:31:51 IST" duration-ms="2034" status="PASS">
          <reporter-output>
          </reporter-output>
        </test-method> <!-- beforeMethodConfigMethod -->
        <test-method signature="veifyCategorylink(java.lang.String,java.lang.String)[pri:0, instance:com.client.BookShop_KK.Module.HomePageModule.HomepageTest@10683d9d]" started-at="2025-10-14T16:31:51 IST" name="veifyCategorylink" data-provider="categoryNamesData" finished-at="2025-10-14T16:31:54 IST" duration-ms="2981" status="PASS">
          <params>
            <param index="0">
              <value>
                <![CDATA[Health ]]>
              </value>
            </param>
            <param index="1">
              <value>
                <![CDATA[Health and Cooking STORE]]>
              </value>
            </param>
          </params>
          <reporter-output>
          </reporter-output>
        </test-method> <!-- veifyCategorylink -->
        <test-method is-config="true" signature="afterMethodConfigMethod()[pri:0, instance:com.client.BookShop_KK.Module.HomePageModule.HomepageTest@10683d9d]" started-at="2025-10-14T16:31:54 IST" name="afterMethodConfigMethod" finished-at="2025-10-14T16:31:54 IST" duration-ms="278" status="PASS">
          <reporter-output>
          </reporter-output>
        </test-method> <!-- afterMethodConfigMethod -->
        <test-method is-config="true" signature="beforeMethodConfigMethod()[pri:0, instance:com.client.BookShop_KK.Module.HomePageModule.HomepageTest@10683d9d]" started-at="2025-10-14T16:31:54 IST" name="beforeMethodConfigMethod" finished-at="2025-10-14T16:31:56 IST" duration-ms="2096" status="PASS">
          <reporter-output>
          </reporter-output>
        </test-method> <!-- beforeMethodConfigMethod -->
        <test-method signature="verifyBookbirdLogoDisplayed()[pri:0, instance:com.client.BookShop_KK.Module.HomePageModule.HomepageTest@10683d9d]" started-at="2025-10-14T16:31:56 IST" name="verifyBookbirdLogoDisplayed" finished-at="2025-10-14T16:31:56 IST" duration-ms="82" status="PASS">
          <reporter-output>
          </reporter-output>
        </test-method> <!-- verifyBookbirdLogoDisplayed -->
        <test-method is-config="true" signature="afterMethodConfigMethod()[pri:0, instance:com.client.BookShop_KK.Module.HomePageModule.HomepageTest@10683d9d]" started-at="2025-10-14T16:31:56 IST" name="afterMethodConfigMethod" finished-at="2025-10-14T16:31:56 IST" duration-ms="227" status="PASS">
          <reporter-output>
          </reporter-output>
        </test-method> <!-- afterMethodConfigMethod -->
        <test-method is-config="true" signature="beforeMethodConfigMethod()[pri:0, instance:com.client.BookShop_KK.Module.HomePageModule.HomepageTest@10683d9d]" started-at="2025-10-14T16:31:56 IST" name="beforeMethodConfigMethod" finished-at="2025-10-14T16:31:58 IST" duration-ms="1154" status="PASS">
          <reporter-output>
          </reporter-output>
        </test-method> <!-- beforeMethodConfigMethod -->
        <test-method signature="verifyNavigationToHomePageViaLogo()[pri:0, instance:com.client.BookShop_KK.Module.HomePageModule.HomepageTest@10683d9d]" started-at="2025-10-14T16:31:58 IST" name="verifyNavigationToHomePageViaLogo" finished-at="2025-10-14T16:32:00 IST" duration-ms="2215" status="PASS">
          <reporter-output>
          </reporter-output>
        </test-method> <!-- verifyNavigationToHomePageViaLogo -->
        <test-method is-config="true" signature="afterMethodConfigMethod()[pri:0, instance:com.client.BookShop_KK.Module.HomePageModule.HomepageTest@10683d9d]" started-at="2025-10-14T16:32:00 IST" name="afterMethodConfigMethod" finished-at="2025-10-14T16:32:00 IST" duration-ms="235" status="PASS">
          <reporter-output>
          </reporter-output>
        </test-method> <!-- afterMethodConfigMethod -->
        <test-method is-config="true" signature="beforeMethodConfigMethod()[pri:0, instance:com.client.BookShop_KK.Module.HomePageModule.HomepageTest@10683d9d]" started-at="2025-10-14T16:32:00 IST" name="beforeMethodConfigMethod" finished-at="2025-10-14T16:32:01 IST" duration-ms="1191" status="PASS">
          <reporter-output>
          </reporter-output>
        </test-method> <!-- beforeMethodConfigMethod -->
        <test-method signature="verifySerarchBaarVisiblity()[pri:0, instance:com.client.BookShop_KK.Module.HomePageModule.HomepageTest@10683d9d]" started-at="2025-10-14T16:32:01 IST" name="verifySerarchBaarVisiblity" finished-at="2025-10-14T16:32:01 IST" duration-ms="59" status="PASS">
          <reporter-output>
          </reporter-output>
        </test-method> <!-- verifySerarchBaarVisiblity -->
        <test-method is-config="true" signature="afterMethodConfigMethod()[pri:0, instance:com.client.BookShop_KK.Module.HomePageModule.HomepageTest@10683d9d]" started-at="2025-10-14T16:32:01 IST" name="afterMethodConfigMethod" finished-at="2025-10-14T16:32:01 IST" duration-ms="210" status="PASS">
          <reporter-output>
          </reporter-output>
        </test-method> <!-- afterMethodConfigMethod -->
        <test-method is-config="true" signature="beforeMethodConfigMethod()[pri:0, instance:com.client.BookShop_KK.Module.HomePageModule.HomepageTest@10683d9d]" started-at="2025-10-14T16:32:01 IST" name="beforeMethodConfigMethod" finished-at="2025-10-14T16:32:02 IST" duration-ms="663" status="PASS">
          <reporter-output>
          </reporter-output>
        </test-method> <!-- beforeMethodConfigMethod -->
        <test-method signature="verifySerarchBaarWithValidBookName()[pri:0, instance:com.client.BookShop_KK.Module.HomePageModule.HomepageTest@10683d9d]" started-at="2025-10-14T16:32:02 IST" name="verifySerarchBaarWithValidBookName" finished-at="2025-10-14T16:32:03 IST" duration-ms="761" status="PASS">
          <reporter-output>
          </reporter-output>
        </test-method> <!-- verifySerarchBaarWithValidBookName -->
        <test-method is-config="true" signature="afterMethodConfigMethod()[pri:0, instance:com.client.BookShop_KK.Module.HomePageModule.HomepageTest@10683d9d]" started-at="2025-10-14T16:32:03 IST" name="afterMethodConfigMethod" finished-at="2025-10-14T16:32:03 IST" duration-ms="340" status="PASS">
          <reporter-output>
          </reporter-output>
        </test-method> <!-- afterMethodConfigMethod -->
        <test-method is-config="true" signature="afterClassConfigMethod()[pri:0, instance:com.client.BookShop_KK.Module.HomePageModule.HomepageTest@10683d9d]" started-at="2025-10-14T16:32:03 IST" name="afterClassConfigMethod" finished-at="2025-10-14T16:32:04 IST" duration-ms="468" status="PASS">
          <reporter-output>
          </reporter-output>
        </test-method> <!-- afterClassConfigMethod -->
        <test-method is-config="true" signature="afterSuiteConfigMethod()[pri:0, instance:com.client.BookShop_KK.Module.HomePageModule.HomepageTest@10683d9d]" started-at="2025-10-14T16:32:04 IST" name="afterSuiteConfigMethod" finished-at="2025-10-14T16:32:04 IST" duration-ms="0" status="PASS">
          <reporter-output>
          </reporter-output>
        </test-method> <!-- afterSuiteConfigMethod -->
      </class> <!-- com.client.BookShop_KK.Module.HomePageModule.HomepageTest -->
    </test> <!-- Default test -->
  </suite> <!-- Default suite -->
</testng-results>
