<?xml version="1.0" encoding="UTF-8"?>
<testng-results ignored="0" total="1" passed="1" failed="0" skipped="0">
  <reporter-output>
  </reporter-output>
  <suite started-at="2025-10-15T04:40:30 GMT-07:00" name="Default suite" finished-at="2025-10-15T04:40:49 GMT-07:00" duration-ms="18746">
    <groups>
    </groups>
    <test started-at="2025-10-15T04:40:30 GMT-07:00" name="Default test" finished-at="2025-10-15T04:40:49 GMT-07:00" duration-ms="18746">
      <class name="com.client.BookShop_AK.Module.NewArrivalsTest">
        <test-method is-config="true" signature="beforeSuitConfigMethod()[pri:0, instance:com.client.BookShop_AK.Module.NewArrivalsTest@c730b35]" started-at="2025-10-15T04:40:30 GMT-07:00" name="beforeSuitConfigMethod" finished-at="2025-10-15T04:40:30 GMT-07:00" duration-ms="45" status="PASS">
          <reporter-output>
          </reporter-output>
        </test-method> <!-- beforeSuitConfigMethod -->
        <test-method is-config="true" signature="beforeClassConfigMethod(org.testng.xml.XmlTest)[pri:0, instance:com.client.BookShop_AK.Module.NewArrivalsTest@c730b35]" started-at="2025-10-15T04:40:30 GMT-07:00" name="beforeClassConfigMethod" finished-at="2025-10-15T04:40:39 GMT-07:00" duration-ms="8955" status="PASS">
          <params>
            <param index="0">
              <value>
                <![CDATA[org.testng.xml.XmlTest@4a01b223]]>
              </value>
            </param>
          </params>
          <reporter-output>
          </reporter-output>
        </test-method> <!-- beforeClassConfigMethod -->
        <test-method is-config="true" signature="beforeMethodConfigMethod()[pri:0, instance:com.client.BookShop_AK.Module.NewArrivalsTest@c730b35]" started-at="2025-10-15T04:40:39 GMT-07:00" name="beforeMethodConfigMethod" finished-at="2025-10-15T04:40:41 GMT-07:00" duration-ms="2266" status="PASS">
          <reporter-output>
          </reporter-output>
        </test-method> <!-- beforeMethodConfigMethod -->
        <test-method signature="getAllNewArrivals()[pri:0, instance:com.client.BookShop_AK.Module.NewArrivalsTest@c730b35]" started-at="2025-10-15T04:40:41 GMT-07:00" name="getAllNewArrivals" finished-at="2025-10-15T04:40:47 GMT-07:00" duration-ms="5137" status="PASS">
          <reporter-output>
          </reporter-output>
        </test-method> <!-- getAllNewArrivals -->
        <test-method is-config="true" signature="afterMethodConfigMethod()[pri:0, instance:com.client.BookShop_AK.Module.NewArrivalsTest@c730b35]" started-at="2025-10-15T04:40:47 GMT-07:00" name="afterMethodConfigMethod" finished-at="2025-10-15T04:40:47 GMT-07:00" duration-ms="837" status="PASS">
          <reporter-output>
          </reporter-output>
        </test-method> <!-- afterMethodConfigMethod -->
        <test-method is-config="true" signature="afterClassConfigMethod()[pri:0, instance:com.client.BookShop_AK.Module.NewArrivalsTest@c730b35]" started-at="2025-10-15T04:40:47 GMT-07:00" name="afterClassConfigMethod" finished-at="2025-10-15T04:40:49 GMT-07:00" duration-ms="1346" status="PASS">
          <reporter-output>
          </reporter-output>
        </test-method> <!-- afterClassConfigMethod -->
        <test-method is-config="true" signature="afterSuiteConfigMethod()[pri:0, instance:com.client.BookShop_AK.Module.NewArrivalsTest@c730b35]" started-at="2025-10-15T04:40:49 GMT-07:00" name="afterSuiteConfigMethod" finished-at="2025-10-15T04:40:49 GMT-07:00" duration-ms="2" status="PASS">
          <reporter-output>
          </reporter-output>
        </test-method> <!-- afterSuiteConfigMethod -->
      </class> <!-- com.client.BookShop_AK.Module.NewArrivalsTest -->
    </test> <!-- Default test -->
  </suite> <!-- Default suite -->
</testng-results>
