<?xml version="1.0" encoding="UTF-8"?>
<testng-results ignored="0" total="1" passed="1" failed="0" skipped="0">
  <reporter-output>
  </reporter-output>
  <suite started-at="2025-10-11T12:57:43 IST" name="Default suite" finished-at="2025-10-11T12:57:46 IST" duration-ms="3378">
    <groups>
    </groups>
    <test started-at="2025-10-11T12:57:43 IST" name="Default test" finished-at="2025-10-11T12:57:46 IST" duration-ms="3378">
      <class name="com.client.BookShop_KK.Module.SampleTestClass">
        <test-method is-config="true" signature="beforeSuitConfigMethod()[pri:0, instance:com.client.BookShop_KK.Module.SampleTestClass@5542c4ed]" started-at="2025-10-11T12:57:43 IST" name="beforeSuitConfigMethod" finished-at="2025-10-11T12:57:43 IST" duration-ms="10" status="PASS">
          <reporter-output>
          </reporter-output>
        </test-method> <!-- beforeSuitConfigMethod -->
        <test-method is-config="true" signature="beforeClassConfigMethod(org.testng.xml.XmlTest)[pri:0, instance:com.client.BookShop_KK.Module.SampleTestClass@5542c4ed]" started-at="2025-10-11T12:57:43 IST" name="beforeClassConfigMethod" finished-at="2025-10-11T12:57:45 IST" duration-ms="1908" status="PASS">
          <params>
            <param index="0">
              <value>
                <![CDATA[org.testng.xml.XmlTest@5856078a]]>
              </value>
            </param>
          </params>
          <reporter-output>
          </reporter-output>
        </test-method> <!-- beforeClassConfigMethod -->
        <test-method is-config="true" signature="beforeMethodConfigMethod()[pri:0, instance:com.client.BookShop_KK.Module.SampleTestClass@5542c4ed]" started-at="2025-10-11T12:57:45 IST" name="beforeMethodConfigMethod" finished-at="2025-10-11T12:57:46 IST" duration-ms="1037" status="PASS">
          <reporter-output>
          </reporter-output>
        </test-method> <!-- beforeMethodConfigMethod -->
        <test-method signature="Mytest()[pri:0, instance:com.client.BookShop_KK.Module.SampleTestClass@5542c4ed]" started-at="2025-10-11T12:57:46 IST" name="Mytest" finished-at="2025-10-11T12:57:46 IST" duration-ms="20" status="PASS">
          <reporter-output>
          </reporter-output>
        </test-method> <!-- Mytest -->
        <test-method is-config="true" signature="afterMethodConfigMethod()[pri:0, instance:com.client.BookShop_KK.Module.SampleTestClass@5542c4ed]" started-at="2025-10-11T12:57:46 IST" name="afterMethodConfigMethod" finished-at="2025-10-11T12:57:46 IST" duration-ms="151" status="PASS">
          <reporter-output>
          </reporter-output>
        </test-method> <!-- afterMethodConfigMethod -->
        <test-method is-config="true" signature="afterClassConfigMethod()[pri:0, instance:com.client.BookShop_KK.Module.SampleTestClass@5542c4ed]" started-at="2025-10-11T12:57:46 IST" name="afterClassConfigMethod" finished-at="2025-10-11T12:57:46 IST" duration-ms="224" status="PASS">
          <reporter-output>
          </reporter-output>
        </test-method> <!-- afterClassConfigMethod -->
        <test-method is-config="true" signature="afterSuiteConfigMethod()[pri:0, instance:com.client.BookShop_KK.Module.SampleTestClass@5542c4ed]" started-at="2025-10-11T12:57:46 IST" name="afterSuiteConfigMethod" finished-at="2025-10-11T12:57:46 IST" duration-ms="0" status="PASS">
          <reporter-output>
          </reporter-output>
        </test-method> <!-- afterSuiteConfigMethod -->
      </class> <!-- com.client.BookShop_KK.Module.SampleTestClass -->
    </test> <!-- Default test -->
  </suite> <!-- Default suite -->
</testng-results>
