<?xml version="1.0" encoding="UTF-8"?>
<testng-results ignored="0" total="1" passed="1" failed="0" skipped="0">
  <reporter-output>
  </reporter-output>
  <suite started-at="2025-11-01T17:50:48 IST" name="Default suite" finished-at="2025-11-01T17:50:57 IST" duration-ms="9104">
    <groups>
      <group name="system">
        <method signature="RegionalBooksTest.selectBookAndAddToCartAndPlaceOrderTest()[pri:0, instance:com.client.BookShop_KK.Module.RegionalBooks.RegionalBooksTest@bccb269]" name="selectBookAndAddToCartAndPlaceOrderTest" class="com.client.BookShop_KK.Module.RegionalBooks.RegionalBooksTest"/>
      </group> <!-- system -->
    </groups>
    <test started-at="2025-11-01T17:50:48 IST" name="Default test" finished-at="2025-11-01T17:50:57 IST" duration-ms="9104">
      <class name="com.client.BookShop_KK.Module.RegionalBooks.RegionalBooksTest">
        <test-method is-config="true" signature="beforeSuitConfigMethod()[pri:0, instance:com.client.BookShop_KK.Module.RegionalBooks.RegionalBooksTest@bccb269]" started-at="2025-11-01T17:50:48 IST" name="beforeSuitConfigMethod" finished-at="2025-11-01T17:50:48 IST" duration-ms="10" status="PASS">
          <reporter-output>
          </reporter-output>
        </test-method> <!-- beforeSuitConfigMethod -->
        <test-method is-config="true" signature="beforeClassConfigMethod(org.testng.xml.XmlTest)[pri:0, instance:com.client.BookShop_KK.Module.RegionalBooks.RegionalBooksTest@bccb269]" started-at="2025-11-01T17:50:48 IST" name="beforeClassConfigMethod" finished-at="2025-11-01T17:50:51 IST" duration-ms="3404" status="PASS">
          <params>
            <param index="0">
              <value>
                <![CDATA[org.testng.xml.XmlTest@9a729476]]>
              </value>
            </param>
          </params>
          <reporter-output>
          </reporter-output>
        </test-method> <!-- beforeClassConfigMethod -->
        <test-method is-config="true" signature="beforeMethodConfigMethod()[pri:0, instance:com.client.BookShop_KK.Module.RegionalBooks.RegionalBooksTest@bccb269]" started-at="2025-11-01T17:50:51 IST" name="beforeMethodConfigMethod" finished-at="2025-11-01T17:50:52 IST" duration-ms="743" status="PASS">
          <reporter-output>
          </reporter-output>
        </test-method> <!-- beforeMethodConfigMethod -->
        <test-method signature="selectBookAndAddToCartAndPlaceOrderTest()[pri:0, instance:com.client.BookShop_KK.Module.RegionalBooks.RegionalBooksTest@bccb269]" started-at="2025-11-01T17:50:52 IST" name="selectBookAndAddToCartAndPlaceOrderTest" finished-at="2025-11-01T17:50:56 IST" duration-ms="4109" status="PASS">
          <reporter-output>
          </reporter-output>
        </test-method> <!-- selectBookAndAddToCartAndPlaceOrderTest -->
        <test-method is-config="true" signature="afterMethodConfigMethod()[pri:0, instance:com.client.BookShop_KK.Module.RegionalBooks.RegionalBooksTest@bccb269]" started-at="2025-11-01T17:50:56 IST" name="afterMethodConfigMethod" finished-at="2025-11-01T17:50:56 IST" duration-ms="348" status="PASS">
          <reporter-output>
          </reporter-output>
        </test-method> <!-- afterMethodConfigMethod -->
        <test-method is-config="true" signature="afterClassConfigMethod()[pri:0, instance:com.client.BookShop_KK.Module.RegionalBooks.RegionalBooksTest@bccb269]" started-at="2025-11-01T17:50:56 IST" name="afterClassConfigMethod" finished-at="2025-11-01T17:50:57 IST" duration-ms="436" status="PASS">
          <reporter-output>
          </reporter-output>
        </test-method> <!-- afterClassConfigMethod -->
        <test-method is-config="true" signature="afterSuiteConfigMethod()[pri:0, instance:com.client.BookShop_KK.Module.RegionalBooks.RegionalBooksTest@bccb269]" started-at="2025-11-01T17:50:57 IST" name="afterSuiteConfigMethod" finished-at="2025-11-01T17:50:57 IST" duration-ms="0" status="PASS">
          <reporter-output>
          </reporter-output>
        </test-method> <!-- afterSuiteConfigMethod -->
      </class> <!-- com.client.BookShop_KK.Module.RegionalBooks.RegionalBooksTest -->
    </test> <!-- Default test -->
  </suite> <!-- Default suite -->
</testng-results>
