<?xml version="1.0" encoding="UTF-8"?>
<!-- Generated by org.testng.reporters.JUnitReportReporter -->
<testsuite hostname="DESKTOP-N2HG8IN" failures="0" tests="1" name="src.test.java.com.client.BookShop_KK.Module.TopNavigationBar.TopNavigationBarNegativeTest" time="1.827" errors="0" timestamp="2025-11-05T10:38:10 IST" skipped="0">
  <testcase classname="src.test.java.com.client.BookShop_KK.Module.TopNavigationBar.TopNavigationBarNegativeTest" name="navigateToProductListingWithoutLogin" time="1.827"/>
</testsuite> <!-- src.test.java.com.client.BookShop_KK.Module.TopNavigationBar.TopNavigationBarNegativeTest -->
