<?xml version="1.0" encoding="UTF-8"?>
<!-- Generated by org.testng.reporters.JUnitReportReporter -->
<testsuite hostname="DESKTOP-N2HG8IN" failures="0" tests="10" name="com.client.BookShop_KK.Module.API.CrudOperation1" time="2.188" errors="0" timestamp="2025-12-23T15:42:27 IST" skipped="0">
  <testcase classname="com.client.BookShop_KK.Module.API.CrudOperation1" name="put" time="0.079"/>
  <testcase classname="com.client.BookShop_KK.Module.API.CrudOperation1" name="put" time="0.099"/>
  <testcase classname="com.client.BookShop_KK.Module.API.CrudOperation1" name="put" time="0.103"/>
  <testcase classname="com.client.BookShop_KK.Module.API.CrudOperation1" name="put" time="0.091"/>
  <testcase classname="com.client.BookShop_KK.Module.API.CrudOperation1" name="put" time="1.386"/>
  <testcase classname="com.client.BookShop_KK.Module.API.CrudOperation1" name="put" time="0.097"/>
  <testcase classname="com.client.BookShop_KK.Module.API.CrudOperation1" name="put" time="0.091"/>
  <testcase classname="com.client.BookShop_KK.Module.API.CrudOperation1" name="put" time="0.087"/>
  <testcase classname="com.client.BookShop_KK.Module.API.CrudOperation1" name="put" time="0.065"/>
  <testcase classname="com.client.BookShop_KK.Module.API.CrudOperation1" name="put" time="0.090"/>
</testsuite> <!-- com.client.BookShop_KK.Module.API.CrudOperation1 -->
