<?xml version="1.0" encoding="UTF-8"?>
<!-- Generated by org.testng.reporters.JUnitReportReporter -->
<testsuite hostname="DESKTOP-N2HG8IN" failures="0" tests="10" name="com.client.BookShop_KK.Module.PopularAuthors.PopularAuthorsTest" time="98.238" errors="0" timestamp="2025-11-05T10:38:10 IST" skipped="0">
  <testcase classname="com.client.BookShop_KK.Module.PopularAuthors.PopularAuthorsTest" name="verifyPopularAuthorLink" time="5.085"/>
  <testcase classname="com.client.BookShop_KK.Module.PopularAuthors.PopularAuthorsTest" name="sortDiscountSelectAddToCartAndPlaceOrderFromPopularAuthorTest" time="6.141"/>
  <testcase classname="com.client.BookShop_KK.Module.PopularAuthors.PopularAuthorsTest" name="navigateToPopularAuthorSelectBookAndPlaceOrderTestTest" time="11.457"/>
  <testcase classname="com.client.BookShop_KK.Module.PopularAuthors.PopularAuthorsTest" name="navigateToPopularAuthorSelectBookAndPlaceOrderTestTest" time="12.524"/>
  <testcase classname="com.client.BookShop_KK.Module.PopularAuthors.PopularAuthorsTest" name="navigateToPopularAuthorSelectBookAndPlaceOrderTestTest" time="11.082"/>
  <testcase classname="com.client.BookShop_KK.Module.PopularAuthors.PopularAuthorsTest" name="verifyPopularAuthorDisplayedTestTest" time="3.536"/>
  <testcase classname="com.client.BookShop_KK.Module.PopularAuthors.PopularAuthorsTest" name="navigateToPopularAuthorSelectBookAndPlaceOrderTestTest" time="13.275"/>
  <testcase classname="com.client.BookShop_KK.Module.PopularAuthors.PopularAuthorsTest" name="verifyBannerLinkLinkTest" time="9.126"/>
  <testcase classname="com.client.BookShop_KK.Module.PopularAuthors.PopularAuthorsTest" name="navigateToPopularAuthorSelectBookAddToCartTest" time="20.094"/>
  <testcase classname="com.client.BookShop_KK.Module.PopularAuthors.PopularAuthorsTest" name="sortPriceSelectAddToCartAndPlaceOrderFromPopularAuthorTest" time="5.918"/>
</testsuite> <!-- com.client.BookShop_KK.Module.PopularAuthors.PopularAuthorsTest -->
