<?xml version="1.0" encoding="UTF-8"?>
<!-- Generated by org.testng.reporters.JUnitReportReporter -->
<testsuite hostname="DESKTOP-N2HG8IN" failures="0" tests="10" name="seleniumPractice.Practice" time="0.026" errors="0" timestamp="2026-01-07T22:09:39 IST" skipped="0">
  <testcase classname="seleniumPractice.Practice" name="Test2" time="0.002"/>
  <testcase classname="seleniumPractice.Practice" name="Test1" time="0.003"/>
  <testcase classname="seleniumPractice.Practice" name="Test4" time="0.002"/>
  <testcase classname="seleniumPractice.Practice" name="Test3" time="0.001"/>
  <testcase classname="seleniumPractice.Practice" name="Test1" time="0.012"/>
  <testcase classname="seleniumPractice.Practice" name="Test2" time="0.000"/>
  <testcase classname="seleniumPractice.Practice" name="Test3" time="0.002"/>
  <testcase classname="seleniumPractice.Practice" name="Test5" time="0.001"/>
  <testcase classname="seleniumPractice.Practice" name="Test5" time="0.002"/>
  <testcase classname="seleniumPractice.Practice" name="Test4" time="0.001"/>
</testsuite> <!-- seleniumPractice.Practice -->
