<?xml version="1.0" encoding="UTF-8"?>
<!-- Generated by org.testng.reporters.JUnitReportReporter -->
<testsuite hostname="DESKTOP-N2HG8IN" failures="0" tests="7" name="src.test.java.com.client.BookShop_KK.Module.TopNavigationBar.TopNavigationBarTest" time="28.206" errors="0" timestamp="2025-11-05T10:38:10 IST" skipped="0">
  <testcase classname="src.test.java.com.client.BookShop_KK.Module.TopNavigationBar.TopNavigationBarTest" name="searchBarAndProductDetailPageTest" time="3.070"/>
  <testcase classname="src.test.java.com.client.BookShop_KK.Module.TopNavigationBar.TopNavigationBarTest" name="searchBarAndProductListingPageTest" time="3.333"/>
  <testcase classname="src.test.java.com.client.BookShop_KK.Module.TopNavigationBar.TopNavigationBarTest" name="searchBookAndAddToCartTest" time="3.469"/>
  <testcase classname="src.test.java.com.client.BookShop_KK.Module.TopNavigationBar.TopNavigationBarTest" name="InvalidProductNameAndProductListingPageTest" time="3.370"/>
  <testcase classname="src.test.java.com.client.BookShop_KK.Module.TopNavigationBar.TopNavigationBarTest" name="searchBarAndAddToCartTest" time="6.620"/>
  <testcase classname="src.test.java.com.client.BookShop_KK.Module.TopNavigationBar.TopNavigationBarTest" name="searchBarAndCartPageTest" time="4.366"/>
  <testcase classname="src.test.java.com.client.BookShop_KK.Module.TopNavigationBar.TopNavigationBarTest" name="searchBarAndPlaceOrderTest" time="3.978"/>
</testsuite> <!-- src.test.java.com.client.BookShop_KK.Module.TopNavigationBar.TopNavigationBarTest -->
