<?xml version="1.0" encoding="UTF-8"?>
<!-- Generated by org.testng.reporters.JUnitReportReporter -->
<testsuite hostname="DESKTOP-9060QJV" failures="0" tests="3" name="com.client.BookShop_AK.Footer.VerifyLetsGetInTouch" time="6.870" errors="0" timestamp="2025-11-02T08:43:36 GMT-08:00" skipped="0">
  <testcase classname="com.client.BookShop_AK.Footer.VerifyLetsGetInTouch" name="verifyLetsGetInTouchText" time="1.986"/>
  <testcase classname="com.client.BookShop_AK.Footer.VerifyLetsGetInTouch" name="verifyPhoneNum" time="2.478"/>
  <testcase classname="com.client.BookShop_AK.Footer.VerifyLetsGetInTouch" name="verifyEmailId" time="2.406"/>
</testsuite> <!-- com.client.BookShop_AK.Footer.VerifyLetsGetInTouch -->
